<?xml version="1.0" encoding="UTF-8"?>
<testsuite xmlns:xsi="http://www.w3.org/2001/XMLSchema-instance" xsi:noNamespaceSchemaLocation="https://maven.apache.org/surefire/maven-surefire-plugin/xsd/surefire-test-report-3.0.xsd" version="3.0" name="wfSImuleSoft.testRunner.ExpApiRunner" time="25.979" tests="1" errors="0" skipped="0" failures="0">
  <properties>
[...]
</properties>
  <testcase name="expregression" classname="wfSImuleSoft.testRunner.ExpApiRunner" time="25.932">
    <system-out><![CDATA[---------------------------------------------------------
feature: classpath:wfSImuleSoft/expApi/getAgencyCityNameInExp.feature
scenarios:  1 | passed:  1 | failed:  0 | time: 1.9298
---------------------------------------------------------

---------------------------------------------------------
feature: classpath:wfSImuleSoft/expApi/getAgencyCodeInExp.feature
scenarios:  1 | passed:  1 | failed:  0 | time: 0.3474
---------------------------------------------------------

---------------------------------------------------------
feature: classpath:wfSImuleSoft/expApi/getAgencyDetailsInExp.feature
scenarios:  1 | passed:  1 | failed:  0 | time: 0.2563
---------------------------------------------------------

---------------------------------------------------------
feature: classpath:wfSImuleSoft/expApi/getAgencyNameInExp.feature
scenarios:  1 | passed:  1 | failed:  0 | time: 0.3050
---------------------------------------------------------

---------------------------------------------------------
feature: classpath:wfSImuleSoft/expApi/getAgencyPostalcodeInExp.feature
scenarios:  1 | passed:  1 | failed:  0 | time: 0.2686
---------------------------------------------------------

---------------------------------------------------------
feature: classpath:wfSImuleSoft/expApi/getAgencyStateInExp.feature
scenarios:  1 | passed:  1 | failed:  0 | time: 0.4419
---------------------------------------------------------

---------------------------------------------------------
feature: classpath:wfSImuleSoft/expApi/getAgencyTotalNumbersInExp.feature
scenarios:  1 | passed:  1 | failed:  0 | time: 0.3745
---------------------------------------------------------

---------------------------------------------------------
feature: classpath:wfSImuleSoft/expApi/getCaseCustomerNumberExp.feature
scenarios:  1 | passed:  1 | failed:  0 | time: 0.2751
---------------------------------------------------------

---------------------------------------------------------
feature: classpath:wfSImuleSoft/expApi/getCaseNumberExp.feature
scenarios:  1 | passed:  1 | failed:  0 | time: 0.2549
---------------------------------------------------------

---------------------------------------------------------
feature: classpath:wfSImuleSoft/expApi/getEISLUItemCSR3536.feature
scenarios:  1 | passed:  1 | failed:  0 | time: 0.2667
---------------------------------------------------------

---------------------------------------------------------
feature: classpath:wfSImuleSoft/expApi/getEmailExpCSR3534.feature
scenarios:  1 | passed:  1 | failed:  0 | time: 0.2685
---------------------------------------------------------

---------------------------------------------------------
feature: classpath:wfSImuleSoft/expApi/getEmailsPageExpCSR3534.feature
scenarios:  1 | passed:  1 | failed:  0 | time: 0.2653
---------------------------------------------------------

---------------------------------------------------------
feature: classpath:wfSImuleSoft/expApi/getEntEISLookupCSR3536.feature
scenarios:  1 | passed:  1 | failed:  0 | time: 0.1904
---------------------------------------------------------

---------------------------------------------------------
feature: classpath:wfSImuleSoft/expApi/getEntEISLUItemsCSR3536.feature
scenarios:  1 | passed:  1 | failed:  0 | time: 0.1962
---------------------------------------------------------

---------------------------------------------------------
feature: classpath:wfSImuleSoft/expApi/getEntlookupsCategoryCSR3536.feature
scenarios:  1 | passed:  1 | failed:  0 | time: 0.0576
---------------------------------------------------------

---------------------------------------------------------
feature: classpath:wfSImuleSoft/expApi/getEntlookupsLuCategoryCSR3536.feature
scenarios:  1 | passed:  1 | failed:  0 | time: 0.1181
---------------------------------------------------------

---------------------------------------------------------
feature: classpath:wfSImuleSoft/expApi/getEntlookupsLuCategoryIdCSR3536.feature
scenarios:  1 | passed:  1 | failed:  0 | time: 0.0551
---------------------------------------------------------

---------------------------------------------------------
feature: classpath:wfSImuleSoft/expApi/getEntlookupsLuItemCSR3536.feature
scenarios:  1 | passed:  1 | failed:  0 | time: 0.0491
---------------------------------------------------------

---------------------------------------------------------
feature: classpath:wfSImuleSoft/expApi/getEntlookupsLuItemsCSR3536.feature
scenarios:  1 | passed:  1 | failed:  0 | time: 0.0475
---------------------------------------------------------

---------------------------------------------------------
feature: classpath:wfSImuleSoft/expApi/getEntlookupsOneLuItemCSR3536.feature
scenarios:  1 | passed:  1 | failed:  0 | time: 0.0633
---------------------------------------------------------

---------------------------------------------------------
feature: classpath:wfSImuleSoft/expApi/getSaveEmailExpCSR3534.feature
scenarios:  1 | passed:  1 | failed:  0 | time: 0.0597
---------------------------------------------------------

Karate version: 1.4.1
======================================================
elapsed:  18.79 | threads:    1 | thread time: 6.09 
features:    21 | skipped:    0 | efficiency: 0.32
scenarios:   21 | passed:    21 | failed: 0
======================================================

HTML report: (paste into browser to view) | Karate version: 1.4.1
file:///C:/Users/600001141/WFMuleSoftAPITest/target/karate-reports/karate-summary.html
===================================================================

]]></system-out>
    <system-err><![CDATA[[main] INFO com.intuit.karate.Suite - backed up existing 'target\karate-reports' dir to: target\karate-reports_1742217150661
[main] INFO com.intuit.karate - karate.env system property was: null 
[main] INFO com.intuit.karate - [print] [
  "795421",
  "927870",
  "927871"
]
 
[main] INFO com.intuit.karate.Suite - <<pass>> feature 1 of 21 (0 remaining) classpath:wfSImuleSoft/expApi/getAgencyCityNameInExp.feature
[main] INFO com.intuit.karate - karate.env system property was: null 
[main] INFO com.intuit.karate - [print] [
  "795421"
]
 
[main] INFO com.intuit.karate.Suite - <<pass>> feature 2 of 21 (0 remaining) classpath:wfSImuleSoft/expApi/getAgencyCodeInExp.feature
[main] INFO com.intuit.karate - karate.env system property was: null 
[main] INFO com.intuit.karate - [print] [
  "795421"
]
 
[main] INFO com.intuit.karate.Suite - <<pass>> feature 3 of 21 (0 remaining) classpath:wfSImuleSoft/expApi/getAgencyDetailsInExp.feature
[main] INFO com.intuit.karate - karate.env system property was: null 
[main] INFO com.intuit.karate - [print] [
  "795421"
]
 
[main] INFO com.intuit.karate.Suite - <<pass>> feature 4 of 21 (0 remaining) classpath:wfSImuleSoft/expApi/getAgencyNameInExp.feature
[main] INFO com.intuit.karate - karate.env system property was: null 
[main] INFO com.intuit.karate - [print] [
  "795421"
]
 
[main] INFO com.intuit.karate.Suite - <<pass>> feature 5 of 21 (0 remaining) classpath:wfSImuleSoft/expApi/getAgencyPostalcodeInExp.feature
[main] INFO com.intuit.karate - karate.env system property was: null 
[main] INFO com.intuit.karate - [print] [
  "795421",
  "927870",
  "927871",
  "3688814",
  "3688815",
  "8483556",
  "8483557",
  "8483558",
  "8483559",
  "8483560"
]
 
[main] INFO com.intuit.karate.Suite - <<pass>> feature 6 of 21 (0 remaining) classpath:wfSImuleSoft/expApi/getAgencyStateInExp.feature
[main] INFO com.intuit.karate - karate.env system property was: null 
[main] INFO com.intuit.karate - [print] [
  "795421",
  "927870",
  "927871",
  "1638006",
  "1638008",
  "1938400",
  "1970533",
  "1970534",
  "2676911",
  "2676912"
]
 
[main] INFO com.intuit.karate.Suite - <<pass>> feature 7 of 21 (0 remaining) classpath:wfSImuleSoft/expApi/getAgencyTotalNumbersInExp.feature
[main] INFO com.intuit.karate - karate.env system property was: null 
[main] INFO com.intuit.karate.Suite - <<pass>> feature 8 of 21 (0 remaining) classpath:wfSImuleSoft/expApi/getCaseCustomerNumberExp.feature
[main] INFO com.intuit.karate - karate.env system property was: null 
[main] INFO com.intuit.karate.Suite - <<pass>> feature 9 of 21 (0 remaining) classpath:wfSImuleSoft/expApi/getCaseNumberExp.feature
[main] INFO com.intuit.karate - karate.env system property was: null 
[main] INFO com.intuit.karate - [print] {
  "metadata": {
    "count": 1,
    "offset": 0,
    "limit": 1,
    "total": 1,
    "page": 1,
    "searchfilter": "",
    "sortexpression": "",
    "sortorder": "",
    "refid": 0
  },
  "links": [
  ],
  "content": [
    {
      "CategoryShortName": "ACAmbulanceTransportation",
      "Code": "100",
      "LUValue": "Included - $100 Maximum Benefit",
      "ProductCode": "GB_AC"
    }
  ]
}
 
[main] INFO com.intuit.karate - [print] [
  "ACAmbulanceTransportation"
]
 
[main] INFO com.intuit.karate.Suite - <<pass>> feature 10 of 21 (0 remaining) classpath:wfSImuleSoft/expApi/getEISLUItemCSR3536.feature
[main] INFO com.intuit.karate - karate.env system property was: null 
[main] INFO com.intuit.karate - [print] {
  "metadata": {
    "count": 10,
    "offset": 0,
    "limit": "10",
    "total": 224,
    "page": "1",
    "searchterm": "",
    "searchfilter": "",
    "sortexpression": "Id",
    "sortorder": "desc"
  },
  "content": [
    {
      "id": 6881647,
      "eMailAddressFrom": {
        "eMailAddressString": "apptest@consolidatedhealthplan.com",
        "displayName": "Application Notifications"
      },
      "eMailAddressReplyTo": {
      },
      "eMailAddressTo": [
        {
          "eMailAddressString": "pmclaughlin@wellfleetinsurance.com",
          "displayName": "Paula McLaughlin"
        }
      ],
      "eMailAddressCC": [
      ],
      "emailAddressBCC": [
      ],
      "attachmentUNCs": [
      ],
      "subject": "DEV: Status for MuleSoft EIS Payment Log File Parsing Process Application",
      "body": {
        "message": null,
        "templateURI": "https://oasis-dev.wellfleetinsurance.com/templates/NotificationApplicationStatusTemplate.html",
        "elements": [
          {
            "key": "HEADING",
            "value": " (104)"
          },
          {
            "key": "APPCONTACT",
            "value": "John Paul Lamb / Jack Yasgar"
          },
          {
            "key": "APPID",
            "value": "51"
          },
          {
            "key": "APPNAME",
            "value": "MuleSoft EIS Payment Log File Parsing Process Application"
          },
          {
            "key": "EMAILADDRESS",
            "value": "pmclaughlin@wellfleetinsurance.com"
          },
          {
            "key": "FILEDATEPROCESSED",
            "value": "3/16/2025 4:00 PM"
          },
          {
            "key": "FILEINBOUND",
            "value": "False"
          },
          {
            "key": "FILENAME",
            "value": "\\\\deveas.medpro.com\\server\\rrng\\EISAPCLM.txt"
          },
          {
            "key": "FILENAMEONLY",
            "value": "EISAPCLM.txt"
          },
          {
            "key": "NEWFILENAME",
            "value": ""
          },
          {
            "key": "NEWFILENAMEONLY",
            "value": ""
          },
          {
            "key": "FILEPROCESSID",
            "value": "173217"
          },
          {
            "key": "NOTIFYSTATUSID",
            "value": "1583484"
          },
          {
            "key": "LOGDATE",
            "value": "3/16/2025 10:45 PM"
          },
          {
            "key": "STATUSMESSAGE",
            "value": "<br><br><P><PRE>STATUS_OBJECT_NAME_NOT_FOUND (0xc0000034): Create failed for \\\\deveas.medpro.com\\EASBackup\\EIS\\EISPayClaim_20250316.log</PRE></P>"
          },
          {
            "key": "STATUSCATDESCRIPTION",
            "value": ""
          },
          {
            "key": "STATUSCATNAME",
            "value": ""
          },
          {
            "key": "STATUSCATSHORTNAME",
            "value": ""
          },
          {
            "key": "STATUSDESCRIPTION",
            "value": ""
          },
          {
            "key": "STATUSID",
            "value": "104"
          },
          {
            "key": "USERFULLNAME",
            "value": "Paula McLaughlin"
          },
          {
            "key": "USERID",
            "value": "2044"
          }
        ]
      },
      "priority": "Normal",
      "isBodyHTML": true,
      "appShortName": "ENT_LOG_SWEEPER_WINSVC",
      "isEncrypted": false,
      "isExternalSend": false,
      "sentDate": "2025-03-16T22:47:25.1906671",
      "dateAdded": "2025-03-16T22:45:50.5388283"
    },
    {
      "id": 6881646,
      "eMailAddressFrom": {
        "eMailAddressString": "apptest@consolidatedhealthplan.com",
        "displayName": "Application Notifications"
      },
      "eMailAddressReplyTo": {
      },
      "eMailAddressTo": [
        {
          "eMailAddressString": "mulesoftdevelopers@wellfleetinsurance.com",
          "displayName": "Mulesoft Developers"
        }
      ],
      "eMailAddressCC": [
      ],
      "emailAddressBCC": [
      ],
      "attachmentUNCs": [
      ],
      "subject": "DEV: Status for MuleSoft EIS Payment Log File Parsing Process Application",
      "body": {
        "message": null,
        "templateURI": "https://oasis-dev.wellfleetinsurance.com/templates/NotificationApplicationStatusTemplate.html",
        "elements": [
          {
            "key": "HEADING",
            "value": " (104)"
          },
          {
            "key": "APPCONTACT",
            "value": "John Paul Lamb / Jack Yasgar"
          },
          {
            "key": "APPID",
            "value": "51"
          },
          {
            "key": "APPNAME",
            "value": "MuleSoft EIS Payment Log File Parsing Process Application"
          },
          {
            "key": "EMAILADDRESS",
            "value": "mulesoftdevelopers@wellfleetinsurance.com"
          },
          {
            "key": "FILEDATEPROCESSED",
            "value": "3/16/2025 4:00 PM"
          },
          {
            "key": "FILEINBOUND",
            "value": "False"
          },
          {
            "key": "FILENAME",
            "value": "\\\\deveas.medpro.com\\server\\rrng\\EISAPCLM.txt"
          },
          {
            "key": "FILENAMEONLY",
            "value": "EISAPCLM.txt"
          },
          {
            "key": "NEWFILENAME",
            "value": ""
          },
          {
            "key": "NEWFILENAMEONLY",
            "value": ""
          },
          {
            "key": "FILEPROCESSID",
            "value": "173217"
          },
          {
            "key": "NOTIFYSTATUSID",
            "value": "1583484"
          },
          {
            "key": "LOGDATE",
            "value": "3/16/2025 10:45 PM"
          },
          {
            "key": "STATUSMESSAGE",
            "value": "<br><br><P><PRE>STATUS_OBJECT_NAME_NOT_FOUND (0xc0000034): Create failed for \\\\deveas.medpro.com\\EASBackup\\EIS\\EISPayClaim_20250316.log</PRE></P>"
          },
          {
            "key": "STATUSCATDESCRIPTION",
            "value": ""
          },
          {
            "key": "STATUSCATNAME",
            "value": ""
          },
          {
            "key": "STATUSCATSHORTNAME",
            "value": ""
          },
          {
            "key": "STATUSDESCRIPTION",
            "value": ""
          },
          {
            "key": "STATUSID",
            "value": "104"
          },
          {
            "key": "USERFULLNAME",
            "value": "Mulesoft Developers"
          },
          {
            "key": "USERID",
            "value": "2043"
          }
        ]
      },
      "priority": "Normal",
      "isBodyHTML": true,
      "appShortName": "ENT_LOG_SWEEPER_WINSVC",
      "isEncrypted": false,
      "isExternalSend": false,
      "sentDate": "2025-03-16T22:47:24.595699",
      "dateAdded": "2025-03-16T22:45:50.1888453"
    },
    {
      "id": 6881645,
      "eMailAddressFrom": {
        "eMailAddressString": "apptest@consolidatedhealthplan.com",
        "displayName": "Application Notifications"
      },
      "eMailAddressReplyTo": {
      },
      "eMailAddressTo": [
        {
          "eMailAddressString": "pmclaughlin@wellfleetinsurance.com",
          "displayName": "Paula McLaughlin"
        }
      ],
      "eMailAddressCC": [
      ],
      "emailAddressBCC": [
      ],
      "attachmentUNCs": [
      ],
      "subject": "DEV: Status for MuleSoft EIS Payment Log File Parsing Process Application",
      "body": {
        "message": null,
        "templateURI": "https://oasis-dev.wellfleetinsurance.com/templates/NotificationApplicationStatusTemplate.html",
        "elements": [
          {
            "key": "HEADING",
            "value": " (104)"
          },
          {
            "key": "APPCONTACT",
            "value": "John Paul Lamb / Jack Yasgar"
          },
          {
            "key": "APPID",
            "value": "51"
          },
          {
            "key": "APPNAME",
            "value": "MuleSoft EIS Payment Log File Parsing Process Application"
          },
          {
            "key": "EMAILADDRESS",
            "value": "pmclaughlin@wellfleetinsurance.com"
          },
          {
            "key": "FILEDATEPROCESSED",
            "value": "3/15/2025 4:00 PM"
          },
          {
            "key": "FILEINBOUND",
            "value": "False"
          },
          {
            "key": "FILENAME",
            "value": "\\\\deveas.medpro.com\\server\\rrng\\EISAPCLM.txt"
          },
          {
            "key": "FILENAMEONLY",
            "value": "EISAPCLM.txt"
          },
          {
            "key": "NEWFILENAME",
            "value": ""
          },
          {
            "key": "NEWFILENAMEONLY",
            "value": ""
          },
          {
            "key": "FILEPROCESSID",
            "value": "173215"
          },
          {
            "key": "NOTIFYSTATUSID",
            "value": "1583471"
          },
          {
            "key": "LOGDATE",
            "value": "3/15/2025 10:45 PM"
          },
          {
            "key": "STATUSMESSAGE",
            "value": "<br><br><P><PRE>STATUS_OBJECT_NAME_NOT_FOUND (0xc0000034): Create failed for \\\\deveas.medpro.com\\EASBackup\\EIS\\EISPayClaim_20250315.log</PRE></P>"
          },
          {
            "key": "STATUSCATDESCRIPTION",
            "value": ""
          },
          {
            "key": "STATUSCATNAME",
            "value": ""
          },
          {
            "key": "STATUSCATSHORTNAME",
            "value": ""
          },
          {
            "key": "STATUSDESCRIPTION",
            "value": ""
          },
          {
            "key": "STATUSID",
            "value": "104"
          },
          {
            "key": "USERFULLNAME",
            "value": "Paula McLaughlin"
          },
          {
            "key": "USERID",
            "value": "2044"
          }
        ]
      },
      "priority": "Normal",
      "isBodyHTML": true,
      "appShortName": "ENT_LOG_SWEEPER_WINSVC",
      "isEncrypted": false,
      "isExternalSend": false,
      "sentDate": "2025-03-15T22:47:23.7783771",
      "dateAdded": "2025-03-15T22:45:41.561674"
    },
    {
      "id": 6881644,
      "eMailAddressFrom": {
        "eMailAddressString": "apptest@consolidatedhealthplan.com",
        "displayName": "Application Notifications"
      },
      "eMailAddressReplyTo": {
      },
      "eMailAddressTo": [
        {
          "eMailAddressString": "mulesoftdevelopers@wellfleetinsurance.com",
          "displayName": "Mulesoft Developers"
        }
      ],
      "eMailAddressCC": [
      ],
      "emailAddressBCC": [
      ],
      "attachmentUNCs": [
      ],
      "subject": "DEV: Status for MuleSoft EIS Payment Log File Parsing Process Application",
      "body": {
        "message": null,
        "templateURI": "https://oasis-dev.wellfleetinsurance.com/templates/NotificationApplicationStatusTemplate.html",
        "elements": [
          {
            "key": "HEADING",
            "value": " (104)"
          },
          {
            "key": "APPCONTACT",
            "value": "John Paul Lamb / Jack Yasgar"
          },
          {
            "key": "APPID",
            "value": "51"
          },
          {
            "key": "APPNAME",
            "value": "MuleSoft EIS Payment Log File Parsing Process Application"
          },
          {
            "key": "EMAILADDRESS",
            "value": "mulesoftdevelopers@wellfleetinsurance.com"
          },
          {
            "key": "FILEDATEPROCESSED",
            "value": "3/15/2025 4:00 PM"
          },
          {
            "key": "FILEINBOUND",
            "value": "False"
          },
          {
            "key": "FILENAME",
            "value": "\\\\deveas.medpro.com\\server\\rrng\\EISAPCLM.txt"
          },
          {
            "key": "FILENAMEONLY",
            "value": "EISAPCLM.txt"
          },
          {
            "key": "NEWFILENAME",
            "value": ""
          },
          {
            "key": "NEWFILENAMEONLY",
            "value": ""
          },
          {
            "key": "FILEPROCESSID",
            "value": "173215"
          },
          {
            "key": "NOTIFYSTATUSID",
            "value": "1583471"
          },
          {
            "key": "LOGDATE",
            "value": "3/15/2025 10:45 PM"
          },
          {
            "key": "STATUSMESSAGE",
            "value": "<br><br><P><PRE>STATUS_OBJECT_NAME_NOT_FOUND (0xc0000034): Create failed for \\\\deveas.medpro.com\\EASBackup\\EIS\\EISPayClaim_20250315.log</PRE></P>"
          },
          {
            "key": "STATUSCATDESCRIPTION",
            "value": ""
          },
          {
            "key": "STATUSCATNAME",
            "value": ""
          },
          {
            "key": "STATUSCATSHORTNAME",
            "value": ""
          },
          {
            "key": "STATUSDESCRIPTION",
            "value": ""
          },
          {
            "key": "STATUSID",
            "value": "104"
          },
          {
            "key": "USERFULLNAME",
            "value": "Mulesoft Developers"
          },
          {
            "key": "USERID",
            "value": "2043"
          }
        ]
      },
      "priority": "Normal",
      "isBodyHTML": true,
      "appShortName": "ENT_LOG_SWEEPER_WINSVC",
      "isEncrypted": false,
      "isExternalSend": false,
      "sentDate": "2025-03-15T22:47:23.1040112",
      "dateAdded": "2025-03-15T22:45:41.5162257"
    },
    {
      "id": 6881643,
      "eMailAddressFrom": {
        "eMailAddressString": "apptest@consolidatedhealthplan.com",
        "displayName": "Application Notifications"
      },
      "eMailAddressReplyTo": {
      },
      "eMailAddressTo": [
        {
          "eMailAddressString": "pmclaughlin@wellfleetinsurance.com",
          "displayName": "Paula McLaughlin"
        }
      ],
      "eMailAddressCC": [
      ],
      "emailAddressBCC": [
      ],
      "attachmentUNCs": [
      ],
      "subject": "DEV: Status for MuleSoft EIS Payment Log File Parsing Process Application",
      "body": {
        "message": null,
        "templateURI": "https://oasis-dev.wellfleetinsurance.com/templates/NotificationApplicationStatusTemplate.html",
        "elements": [
          {
            "key": "HEADING",
            "value": " (104)"
          },
          {
            "key": "APPCONTACT",
            "value": "John Paul Lamb / Jack Yasgar"
          },
          {
            "key": "APPID",
            "value": "51"
          },
          {
            "key": "APPNAME",
            "value": "MuleSoft EIS Payment Log File Parsing Process Application"
          },
          {
            "key": "EMAILADDRESS",
            "value": "pmclaughlin@wellfleetinsurance.com"
          },
          {
            "key": "FILEDATEPROCESSED",
            "value": "3/14/2025 4:00 PM"
          },
          {
            "key": "FILEINBOUND",
            "value": "False"
          },
          {
            "key": "FILENAME",
            "value": "\\\\deveas.medpro.com\\server\\rrng\\EISAPCLM.txt"
          },
          {
            "key": "FILENAMEONLY",
            "value": "EISAPCLM.txt"
          },
          {
            "key": "NEWFILENAME",
            "value": ""
          },
          {
            "key": "NEWFILENAMEONLY",
            "value": ""
          },
          {
            "key": "FILEPROCESSID",
            "value": "173213"
          },
          {
            "key": "NOTIFYSTATUSID",
            "value": "1583458"
          },
          {
            "key": "LOGDATE",
            "value": "3/14/2025 10:45 PM"
          },
          {
            "key": "STATUSMESSAGE",
            "value": "<br><br><P><PRE>STATUS_OBJECT_NAME_NOT_FOUND (0xc0000034): Create failed for \\\\deveas.medpro.com\\EASBackup\\EIS\\EISPayClaim_20250314.log</PRE></P>"
          },
          {
            "key": "STATUSCATDESCRIPTION",
            "value": ""
          },
          {
            "key": "STATUSCATNAME",
            "value": ""
          },
          {
            "key": "STATUSCATSHORTNAME",
            "value": ""
          },
          {
            "key": "STATUSDESCRIPTION",
            "value": ""
          },
          {
            "key": "STATUSID",
            "value": "104"
          },
          {
            "key": "USERFULLNAME",
            "value": "Paula McLaughlin"
          },
          {
            "key": "USERID",
            "value": "2044"
          }
        ]
      },
      "priority": "Normal",
      "isBodyHTML": true,
      "appShortName": "ENT_LOG_SWEEPER_WINSVC",
      "isEncrypted": false,
      "isExternalSend": false,
      "sentDate": "2025-03-14T22:47:21.9966275",
      "dateAdded": "2025-03-14T22:45:32.9810619"
    },
    {
      "id": 6881642,
      "eMailAddressFrom": {
        "eMailAddressString": "apptest@consolidatedhealthplan.com",
        "displayName": "Application Notifications"
      },
      "eMailAddressReplyTo": {
      },
      "eMailAddressTo": [
        {
          "eMailAddressString": "mulesoftdevelopers@wellfleetinsurance.com",
          "displayName": "Mulesoft Developers"
        }
      ],
      "eMailAddressCC": [
      ],
      "emailAddressBCC": [
      ],
      "attachmentUNCs": [
      ],
      "subject": "DEV: Status for MuleSoft EIS Payment Log File Parsing Process Application",
      "body": {
        "message": null,
        "templateURI": "https://oasis-dev.wellfleetinsurance.com/templates/NotificationApplicationStatusTemplate.html",
        "elements": [
          {
            "key": "HEADING",
            "value": " (104)"
          },
          {
            "key": "APPCONTACT",
            "value": "John Paul Lamb / Jack Yasgar"
          },
          {
            "key": "APPID",
            "value": "51"
          },
          {
            "key": "APPNAME",
            "value": "MuleSoft EIS Payment Log File Parsing Process Application"
          },
          {
            "key": "EMAILADDRESS",
            "value": "mulesoftdevelopers@wellfleetinsurance.com"
          },
          {
            "key": "FILEDATEPROCESSED",
            "value": "3/14/2025 4:00 PM"
          },
          {
            "key": "FILEINBOUND",
            "value": "False"
          },
          {
            "key": "FILENAME",
            "value": "\\\\deveas.medpro.com\\server\\rrng\\EISAPCLM.txt"
          },
          {
            "key": "FILENAMEONLY",
            "value": "EISAPCLM.txt"
          },
          {
            "key": "NEWFILENAME",
            "value": ""
          },
          {
            "key": "NEWFILENAMEONLY",
            "value": ""
          },
          {
            "key": "FILEPROCESSID",
            "value": "173213"
          },
          {
            "key": "NOTIFYSTATUSID",
            "value": "1583458"
          },
          {
            "key": "LOGDATE",
            "value": "3/14/2025 10:45 PM"
          },
          {
            "key": "STATUSMESSAGE",
            "value": "<br><br><P><PRE>STATUS_OBJECT_NAME_NOT_FOUND (0xc0000034): Create failed for \\\\deveas.medpro.com\\EASBackup\\EIS\\EISPayClaim_20250314.log</PRE></P>"
          },
          {
            "key": "STATUSCATDESCRIPTION",
            "value": ""
          },
          {
            "key": "STATUSCATNAME",
            "value": ""
          },
          {
            "key": "STATUSCATSHORTNAME",
            "value": ""
          },
          {
            "key": "STATUSDESCRIPTION",
            "value": ""
          },
          {
            "key": "STATUSID",
            "value": "104"
          },
          {
            "key": "USERFULLNAME",
            "value": "Mulesoft Developers"
          },
          {
            "key": "USERID",
            "value": "2043"
          }
        ]
      },
      "priority": "Normal",
      "isBodyHTML": true,
      "appShortName": "ENT_LOG_SWEEPER_WINSVC",
      "isEncrypted": false,
      "isExternalSend": false,
      "sentDate": "2025-03-14T22:47:21.3654014",
      "dateAdded": "2025-03-14T22:45:32.6308205"
    },
    {
      "id": 6881641,
      "eMailAddressFrom": {
        "eMailAddressString": "apptest@consolidatedhealthplan.com",
        "displayName": "Application Notifications"
      },
      "eMailAddressReplyTo": {
      },
      "eMailAddressTo": [
        {
          "eMailAddressString": "mulesoftdevelopers@wellfleetinsurance.com",
          "displayName": "Mulesoft Developers"
        }
      ],
      "eMailAddressCC": [
      ],
      "emailAddressBCC": [
      ],
      "attachmentUNCs": [
      ],
      "subject": "DEV: Error from MuleSoft EIS Payment Status Update Process API Micro Service",
      "body": {
        "message": null,
        "templateURI": "https://oasis-dev.wellfleetinsurance.com/templates/AppEventErrorMultipleTemplate.html",
        "elements": [
          {
            "key": "YEAR",
            "value": "2025"
          },
          {
            "key": "APPVERSION",
            "value": "1.0"
          },
          {
            "key": "LOGINID",
            "value": ""
          },
          {
            "key": "APPNAME",
            "value": "MuleSoft EIS Payment Status Update Process API Micro Service"
          },
          {
            "key": "CONTACT",
            "value": "John Paul Lamb / Jack Yasgar"
          },
          {
            "key": "EMAILADDRESS",
            "value": "mulesoftdevelopers@wellfleetinsurance.com"
          },
          {
            "key": "USERFULLNAME",
            "value": "Mulesoft Developers"
          },
          {
            "key": "HEADING",
            "value": "An Error occurred in MuleSoft EIS Payment Status Update Process API Micro Service"
          },
          {
            "key": "MAINBODY",
            "value": "<label style=\"font-family: Arial, Verdana, sans-serif; font-size:small; color: blue; font-weight: bold;\">3/14/2025 5:01 PM</label><table width=\"100%\" border=\"1\" style=\"border-width: thick; border-color: blue; border-collapse: collapse;\"><tr><td><table width=\"100%\" border=\"1\" style=\"color: blue; border-collapse: collapse;\"><tr><td width=\"140px\" style=\"font-family: Arial, Verdana, sans-serif; color: black;\"><strong>Message:</strong></td><td colspan=\"3\" style=\"font-family: Arial, Verdana, sans-serif; color: black;\"><pre>You called the function 'Value Selector' with these arguments: \n  1: Binary ( as Binary {base: 64})\n  2: Name (content)\n\nBut it expects one of these combinations:\n  (Array, Name)\n  (Array, String)\n  (Date, Name)\n  (DateTime, Name)\n  (LocalDateTime, Name)\n  (LocalTime, Name)\n  (Object, Name)\n  (Object, String)\n  (Period, Name)\n  (Time, Name)\n\n4| payload.content map ( content , indexOfContent ) -> {\n   ^^^^^^^^^^^^^^^\nTrace:\n  at anonymous::main (line: 4, column: 1) evaluating expression: %dw 2.0\noutput application/json\n---\npayload.content map ( content , indexOfContent ) -> {\n\t\teasPaymentNumber: if(content.paymentMode == C) content.checkNumber \n\t\telse content.eftAdviceNumber,\n\t\tpaymentMode: content.paymentMode,\n\t\tcheckReconStatus: content.checkReconStatus,\n\t\tcheckReconDate: content.checkReconDate,\n\t\tinvoiceAmount: content.invoiceAmount,\n\t\tcheckNote: content.checkNote,\n\t\tdaysBetweenUpdate : daysBetween(content.dateEntered, now()), \n\t\thoursBetweenUpdate: (now() - content.dateEntered).hours \n\t\t\n}.</pre></td></tr><tr><td colspan=\"4\" style=\"font-family: Arial, Verdana, sans-serif; color: black;\"><strong>Long Description:</strong></td></tr><tr><td colspan=\"4\" style=\"font-family: Arial, Verdana, sans-serif; color: black;\"><pre>You called the function 'Value Selector' with these arguments: \n  1: Binary ( as Binary {base: 64})\n  2: Name (content)\n\nBut it expects one of these combinations:\n  (Array, Name)\n  (Array, String)\n  (Date, Name)\n  (DateTime, Name)\n  (LocalDateTime, Name)\n  (LocalTime, Name)\n  (Object, Name)\n  (Object, String)\n  (Period, Name)\n  (Time, Name)\n\n4| payload.content map ( content , indexOfContent ) -> {\n   ^^^^^^^^^^^^^^^\nTrace:\n  at anonymous::main (line: 4, column: 1) evaluating expression: %dw 2.0\noutput application/json\n---\npayload.content map ( content , indexOfContent ) -> {\n\t\teasPaymentNumber: if(content.paymentMode == C) content.checkNumber \n\t\telse content.eftAdviceNumber,\n\t\tpaymentMode: content.paymentMode,\n\t\tcheckReconStatus: content.checkReconStatus,\n\t\tcheckReconDate: content.checkReconDate,\n\t\tinvoiceAmount: content.invoiceAmount,\n\t\tcheckNote: content.checkNote,\n\t\tdaysBetweenUpdate : daysBetween(content.dateEntered, now()), \n\t\thoursBetweenUpdate: (now() - content.dateEntered).hours \n\t\t\n}.</pre></td></tr><tr><td width=\"140px\" style=\"font-family: Arial, Verdana, sans-serif; color: black;\"><strong>Method:</strong></td><td style=\"font-family: Arial, Verdana, sans-serif; color: black;\">FileProcessSetSub_Flow</td><td width=\"140px\" style=\"font-family: Arial, Verdana, sans-serif; color: black;\"><strong>Correlation ID:</strong></td><td style=\"font-family: Arial, Verdana, sans-serif; color: black;\">4ad7af10-0117-11f0-9ec0-005056a73672</td></tr><tr><td width=\"140px\" style=\"font-family: Arial, Verdana, sans-serif; color: black;\"><strong>Record ID:</strong></td><td style=\"font-family: Arial, Verdana, sans-serif; color: black;\"></td><td width=\"140px\" style=\"font-family: Arial, Verdana, sans-serif; color: black;\"><strong>Organization:</strong></td><td style=\"font-family: Arial, Verdana, sans-serif; color: black;\">Wellfleet</td></tr><tr><td width=\"140px\" style=\"font-family: Arial,Verdana,sans-serif; color: black;\"><strong>AppVersion:</strong></td><td style=\"font-family: Arial,Verdana,sans-serif; color: black;\">1.0</td><td width=\"140px\" style=\"font-family: Arial,Verdana,sans-serif; color: black;\"><strong>Login Id:</strong></td><td style=\"font-family: Arial,Verdana,sans-serif; color: black;\"></td></tr><tr><td width=\"140px\" style=\"font-family: Arial,Verdana,sans-serif; color: black;\"><strong>App Name:</strong></td><td colspan=\"3\" style=\"font-family: Arial,Verdana,sans-serif; color: black;\">MuleSoft EIS Payment Status Update Process API Micro Service</td></tr><tr><td width=\"140px\" style=\"font-family: Arial,Verdana,sans-serif; color: black;\"><strong>App Contact:</strong></td><td colspan=\"3\" style=\"font-family: Arial,Verdana,sans-serif; color: black;\">John Paul Lamb / Jack Yasgar</td></tr></tbody></table></td></tr></tbody></table><br/>"
          }
        ]
      },
      "priority": "High",
      "isBodyHTML": true,
      "appShortName": "ENT_LOG_SWEEPER_WINSVC",
      "isEncrypted": false,
      "isExternalSend": false,
      "sentDate": "2025-03-14T17:03:20.9365777",
      "dateAdded": "2025-03-14T17:01:24.1457031"
    },
    {
      "id": 6881640,
      "eMailAddressFrom": {
        "eMailAddressString": "apptest@consolidatedhealthplan.com",
        "displayName": "Application Notifications"
      },
      "eMailAddressReplyTo": {
      },
      "eMailAddressTo": [
        {
          "eMailAddressString": "pmclaughlin@wellfleetinsurance.com",
          "displayName": "Paula McLaughlin"
        }
      ],
      "eMailAddressCC": [
      ],
      "emailAddressBCC": [
      ],
      "attachmentUNCs": [
      ],
      "subject": "DEV: Status for MuleSoft EIS Payment Log File Parsing Process Application",
      "body": {
        "message": null,
        "templateURI": "https://oasis-dev.wellfleetinsurance.com/templates/NotificationApplicationStatusTemplate.html",
        "elements": [
          {
            "key": "HEADING",
            "value": " (104)"
          },
          {
            "key": "APPCONTACT",
            "value": "John Paul Lamb / Jack Yasgar"
          },
          {
            "key": "APPID",
            "value": "51"
          },
          {
            "key": "APPNAME",
            "value": "MuleSoft EIS Payment Log File Parsing Process Application"
          },
          {
            "key": "EMAILADDRESS",
            "value": "pmclaughlin@wellfleetinsurance.com"
          },
          {
            "key": "FILEDATEPROCESSED",
            "value": "3/13/2025 4:00 PM"
          },
          {
            "key": "FILEINBOUND",
            "value": "False"
          },
          {
            "key": "FILENAME",
            "value": "\\\\deveas.medpro.com\\server\\rrng\\EISAPCLM.txt"
          },
          {
            "key": "FILENAMEONLY",
            "value": "EISAPCLM.txt"
          },
          {
            "key": "NEWFILENAME",
            "value": ""
          },
          {
            "key": "NEWFILENAMEONLY",
            "value": ""
          },
          {
            "key": "FILEPROCESSID",
            "value": "173211"
          },
          {
            "key": "NOTIFYSTATUSID",
            "value": "1583445"
          },
          {
            "key": "LOGDATE",
            "value": "3/13/2025 10:45 PM"
          },
          {
            "key": "STATUSMESSAGE",
            "value": "<br><br><P><PRE>STATUS_OBJECT_NAME_NOT_FOUND (0xc0000034): Create failed for \\\\deveas.medpro.com\\EASBackup\\EIS\\EISPayClaim_20250313.log</PRE></P>"
          },
          {
            "key": "STATUSCATDESCRIPTION",
            "value": ""
          },
          {
            "key": "STATUSCATNAME",
            "value": ""
          },
          {
            "key": "STATUSCATSHORTNAME",
            "value": ""
          },
          {
            "key": "STATUSDESCRIPTION",
            "value": ""
          },
          {
            "key": "STATUSID",
            "value": "104"
          },
          {
            "key": "USERFULLNAME",
            "value": "Paula McLaughlin"
          },
          {
            "key": "USERID",
            "value": "2044"
          }
        ]
      },
      "priority": "Normal",
      "isBodyHTML": true,
      "appShortName": "ENT_LOG_SWEEPER_WINSVC",
      "isEncrypted": false,
      "isExternalSend": false,
      "sentDate": "2025-03-13T22:47:20.5030989",
      "dateAdded": "2025-03-13T22:45:23.7489543"
    },
    {
      "id": 6881639,
      "eMailAddressFrom": {
        "eMailAddressString": "apptest@consolidatedhealthplan.com",
        "displayName": "Application Notifications"
      },
      "eMailAddressReplyTo": {
      },
      "eMailAddressTo": [
        {
          "eMailAddressString": "mulesoftdevelopers@wellfleetinsurance.com",
          "displayName": "Mulesoft Developers"
        }
      ],
      "eMailAddressCC": [
      ],
      "emailAddressBCC": [
      ],
      "attachmentUNCs": [
      ],
      "subject": "DEV: Status for MuleSoft EIS Payment Log File Parsing Process Application",
      "body": {
        "message": null,
        "templateURI": "https://oasis-dev.wellfleetinsurance.com/templates/NotificationApplicationStatusTemplate.html",
        "elements": [
          {
            "key": "HEADING",
            "value": " (104)"
          },
          {
            "key": "APPCONTACT",
            "value": "John Paul Lamb / Jack Yasgar"
          },
          {
            "key": "APPID",
            "value": "51"
          },
          {
            "key": "APPNAME",
            "value": "MuleSoft EIS Payment Log File Parsing Process Application"
          },
          {
            "key": "EMAILADDRESS",
            "value": "mulesoftdevelopers@wellfleetinsurance.com"
          },
          {
            "key": "FILEDATEPROCESSED",
            "value": "3/13/2025 4:00 PM"
          },
          {
            "key": "FILEINBOUND",
            "value": "False"
          },
          {
            "key": "FILENAME",
            "value": "\\\\deveas.medpro.com\\server\\rrng\\EISAPCLM.txt"
          },
          {
            "key": "FILENAMEONLY",
            "value": "EISAPCLM.txt"
          },
          {
            "key": "NEWFILENAME",
            "value": ""
          },
          {
            "key": "NEWFILENAMEONLY",
            "value": ""
          },
          {
            "key": "FILEPROCESSID",
            "value": "173211"
          },
          {
            "key": "NOTIFYSTATUSID",
            "value": "1583445"
          },
          {
            "key": "LOGDATE",
            "value": "3/13/2025 10:45 PM"
          },
          {
            "key": "STATUSMESSAGE",
            "value": "<br><br><P><PRE>STATUS_OBJECT_NAME_NOT_FOUND (0xc0000034): Create failed for \\\\deveas.medpro.com\\EASBackup\\EIS\\EISPayClaim_20250313.log</PRE></P>"
          },
          {
            "key": "STATUSCATDESCRIPTION",
            "value": ""
          },
          {
            "key": "STATUSCATNAME",
            "value": ""
          },
          {
            "key": "STATUSCATSHORTNAME",
            "value": ""
          },
          {
            "key": "STATUSDESCRIPTION",
            "value": ""
          },
          {
            "key": "STATUSID",
            "value": "104"
          },
          {
            "key": "USERFULLNAME",
            "value": "Mulesoft Developers"
          },
          {
            "key": "USERID",
            "value": "2043"
          }
        ]
      },
      "priority": "Normal",
      "isBodyHTML": true,
      "appShortName": "ENT_LOG_SWEEPER_WINSVC",
      "isEncrypted": false,
      "isExternalSend": false,
      "sentDate": "2025-03-13T22:47:19.8302431",
      "dateAdded": "2025-03-13T22:45:23.706272"
    },
    {
      "id": 6881638,
      "eMailAddressFrom": {
        "eMailAddressString": "apptest@consolidatedhealthplan.com",
        "displayName": "Application Notifications"
      },
      "eMailAddressReplyTo": {
      },
      "eMailAddressTo": [
        {
          "eMailAddressString": "mulesoftdevelopers@wellfleetinsurance.com",
          "displayName": "Mulesoft Developers"
        }
      ],
      "eMailAddressCC": [
      ],
      "emailAddressBCC": [
      ],
      "attachmentUNCs": [
      ],
      "subject": "DEV: Error from MuleSoft EIS Payment Status Update Process API Micro Service",
      "body": {
        "message": null,
        "templateURI": "https://oasis-dev.wellfleetinsurance.com/templates/AppEventErrorMultipleTemplate.html",
        "elements": [
          {
            "key": "YEAR",
            "value": "2025"
          },
          {
            "key": "APPVERSION",
            "value": "1.0"
          },
          {
            "key": "LOGINID",
            "value": ""
          },
          {
            "key": "APPNAME",
            "value": "MuleSoft EIS Payment Status Update Process API Micro Service"
          },
          {
            "key": "CONTACT",
            "value": "John Paul Lamb / Jack Yasgar"
          },
          {
            "key": "EMAILADDRESS",
            "value": "mulesoftdevelopers@wellfleetinsurance.com"
          },
          {
            "key": "USERFULLNAME",
            "value": "Mulesoft Developers"
          },
          {
            "key": "HEADING",
            "value": "An Error occurred in MuleSoft EIS Payment Status Update Process API Micro Service"
          },
          {
            "key": "MAINBODY",
            "value": "<label style=\"font-family: Arial, Verdana, sans-serif; font-size:small; color: blue; font-weight: bold;\">3/13/2025 5:01 PM</label><table width=\"100%\" border=\"1\" style=\"border-width: thick; border-color: blue; border-collapse: collapse;\"><tr><td><table width=\"100%\" border=\"1\" style=\"color: blue; border-collapse: collapse;\"><tr><td width=\"140px\" style=\"font-family: Arial, Verdana, sans-serif; color: black;\"><strong>Message:</strong></td><td colspan=\"3\" style=\"font-family: Arial, Verdana, sans-serif; color: black;\"><pre>You called the function 'Value Selector' with these arguments: \n  1: Binary ( as Binary {base: 64})\n  2: Name (content)\n\nBut it expects one of these combinations:\n  (Array, Name)\n  (Array, String)\n  (Date, Name)\n  (DateTime, Name)\n  (LocalDateTime, Name)\n  (LocalTime, Name)\n  (Object, Name)\n  (Object, String)\n  (Period, Name)\n  (Time, Name)\n\n4| payload.content map ( content , indexOfContent ) -> {\n   ^^^^^^^^^^^^^^^\nTrace:\n  at anonymous::main (line: 4, column: 1) evaluating expression: %dw 2.0\noutput application/json\n---\npayload.content map ( content , indexOfContent ) -> {\n\t\teasPaymentNumber: if(content.paymentMode == C) content.checkNumber \n\t\telse content.eftAdviceNumber,\n\t\tpaymentMode: content.paymentMode,\n\t\tcheckReconStatus: content.checkReconStatus,\n\t\tcheckReconDate: content.checkReconDate,\n\t\tinvoiceAmount: content.invoiceAmount,\n\t\tcheckNote: content.checkNote,\n\t\tdaysBetweenUpdate : daysBetween(content.dateEntered, now()), \n\t\thoursBetweenUpdate: (now() - content.dateEntered).hours \n\t\t\n}.</pre></td></tr><tr><td colspan=\"4\" style=\"font-family: Arial, Verdana, sans-serif; color: black;\"><strong>Long Description:</strong></td></tr><tr><td colspan=\"4\" style=\"font-family: Arial, Verdana, sans-serif; color: black;\"><pre>You called the function 'Value Selector' with these arguments: \n  1: Binary ( as Binary {base: 64})\n  2: Name (content)\n\nBut it expects one of these combinations:\n  (Array, Name)\n  (Array, String)\n  (Date, Name)\n  (DateTime, Name)\n  (LocalDateTime, Name)\n  (LocalTime, Name)\n  (Object, Name)\n  (Object, String)\n  (Period, Name)\n  (Time, Name)\n\n4| payload.content map ( content , indexOfContent ) -> {\n   ^^^^^^^^^^^^^^^\nTrace:\n  at anonymous::main (line: 4, column: 1) evaluating expression: %dw 2.0\noutput application/json\n---\npayload.content map ( content , indexOfContent ) -> {\n\t\teasPaymentNumber: if(content.paymentMode == C) content.checkNumber \n\t\telse content.eftAdviceNumber,\n\t\tpaymentMode: content.paymentMode,\n\t\tcheckReconStatus: content.checkReconStatus,\n\t\tcheckReconDate: content.checkReconDate,\n\t\tinvoiceAmount: content.invoiceAmount,\n\t\tcheckNote: content.checkNote,\n\t\tdaysBetweenUpdate : daysBetween(content.dateEntered, now()), \n\t\thoursBetweenUpdate: (now() - content.dateEntered).hours \n\t\t\n}.</pre></td></tr><tr><td width=\"140px\" style=\"font-family: Arial, Verdana, sans-serif; color: black;\"><strong>Method:</strong></td><td style=\"font-family: Arial, Verdana, sans-serif; color: black;\">FileProcessSetSub_Flow</td><td width=\"140px\" style=\"font-family: Arial, Verdana, sans-serif; color: black;\"><strong>Correlation ID:</strong></td><td style=\"font-family: Arial, Verdana, sans-serif; color: black;\">206fc3d1-004e-11f0-9ec0-005056a73672</td></tr><tr><td width=\"140px\" style=\"font-family: Arial, Verdana, sans-serif; color: black;\"><strong>Record ID:</strong></td><td style=\"font-family: Arial, Verdana, sans-serif; color: black;\"></td><td width=\"140px\" style=\"font-family: Arial, Verdana, sans-serif; color: black;\"><strong>Organization:</strong></td><td style=\"font-family: Arial, Verdana, sans-serif; color: black;\">Wellfleet</td></tr><tr><td width=\"140px\" style=\"font-family: Arial,Verdana,sans-serif; color: black;\"><strong>AppVersion:</strong></td><td style=\"font-family: Arial,Verdana,sans-serif; color: black;\">1.0</td><td width=\"140px\" style=\"font-family: Arial,Verdana,sans-serif; color: black;\"><strong>Login Id:</strong></td><td style=\"font-family: Arial,Verdana,sans-serif; color: black;\"></td></tr><tr><td width=\"140px\" style=\"font-family: Arial,Verdana,sans-serif; color: black;\"><strong>App Name:</strong></td><td colspan=\"3\" style=\"font-family: Arial,Verdana,sans-serif; color: black;\">MuleSoft EIS Payment Status Update Process API Micro Service</td></tr><tr><td width=\"140px\" style=\"font-family: Arial,Verdana,sans-serif; color: black;\"><strong>App Contact:</strong></td><td colspan=\"3\" style=\"font-family: Arial,Verdana,sans-serif; color: black;\">John Paul Lamb / Jack Yasgar</td></tr></tbody></table></td></tr></tbody></table><br/>"
          }
        ]
      },
      "priority": "High",
      "isBodyHTML": true,
      "appShortName": "ENT_LOG_SWEEPER_WINSVC",
      "isEncrypted": false,
      "isExternalSend": false,
      "sentDate": "2025-03-13T17:01:19.1071749",
      "dateAdded": "2025-03-13T17:01:15.467359"
    }
  ],
  "message": {
    "id": 0,
    "level": 0,
    "state": 0,
    "source": "",
    "message": "",
    "code": "",
    "stacktrace": ""
  },
  "links": [
  ]
}
 
[main] INFO com.intuit.karate - [print] [
  6881647,
  6881646,
  6881645,
  6881644,
  6881643,
  6881642,
  6881641,
  6881640,
  6881639,
  6881638
]
 
[main] INFO com.intuit.karate.Suite - <<pass>> feature 11 of 21 (0 remaining) classpath:wfSImuleSoft/expApi/getEmailExpCSR3534.feature
[main] INFO com.intuit.karate - karate.env system property was: null 
[main] INFO com.intuit.karate - [print] {
  "metadata": {
    "count": 10,
    "offset": 0,
    "limit": "10",
    "total": 66407,
    "page": "1",
    "searchterm": "",
    "searchfilter": "",
    "sortexpression": "Id",
    "sortorder": "desc"
  },
  "content": [
    {
      "id": 6881647,
      "eMailAddressFrom": {
        "eMailAddressString": "apptest@consolidatedhealthplan.com",
        "displayName": "Application Notifications"
      },
      "eMailAddressReplyTo": {
      },
      "eMailAddressTo": [
        {
          "eMailAddressString": "pmclaughlin@wellfleetinsurance.com",
          "displayName": "Paula McLaughlin"
        }
      ],
      "eMailAddressCC": [
      ],
      "emailAddressBCC": [
      ],
      "attachmentUNCs": [
      ],
      "subject": "DEV: Status for MuleSoft EIS Payment Log File Parsing Process Application",
      "body": {
        "message": null,
        "templateURI": "https://oasis-dev.wellfleetinsurance.com/templates/NotificationApplicationStatusTemplate.html",
        "elements": [
          {
            "key": "HEADING",
            "value": " (104)"
          },
          {
            "key": "APPCONTACT",
            "value": "John Paul Lamb / Jack Yasgar"
          },
          {
            "key": "APPID",
            "value": "51"
          },
          {
            "key": "APPNAME",
            "value": "MuleSoft EIS Payment Log File Parsing Process Application"
          },
          {
            "key": "EMAILADDRESS",
            "value": "pmclaughlin@wellfleetinsurance.com"
          },
          {
            "key": "FILEDATEPROCESSED",
            "value": "3/16/2025 4:00 PM"
          },
          {
            "key": "FILEINBOUND",
            "value": "False"
          },
          {
            "key": "FILENAME",
            "value": "\\\\deveas.medpro.com\\server\\rrng\\EISAPCLM.txt"
          },
          {
            "key": "FILENAMEONLY",
            "value": "EISAPCLM.txt"
          },
          {
            "key": "NEWFILENAME",
            "value": ""
          },
          {
            "key": "NEWFILENAMEONLY",
            "value": ""
          },
          {
            "key": "FILEPROCESSID",
            "value": "173217"
          },
          {
            "key": "NOTIFYSTATUSID",
            "value": "1583484"
          },
          {
            "key": "LOGDATE",
            "value": "3/16/2025 10:45 PM"
          },
          {
            "key": "STATUSMESSAGE",
            "value": "<br><br><P><PRE>STATUS_OBJECT_NAME_NOT_FOUND (0xc0000034): Create failed for \\\\deveas.medpro.com\\EASBackup\\EIS\\EISPayClaim_20250316.log</PRE></P>"
          },
          {
            "key": "STATUSCATDESCRIPTION",
            "value": ""
          },
          {
            "key": "STATUSCATNAME",
            "value": ""
          },
          {
            "key": "STATUSCATSHORTNAME",
            "value": ""
          },
          {
            "key": "STATUSDESCRIPTION",
            "value": ""
          },
          {
            "key": "STATUSID",
            "value": "104"
          },
          {
            "key": "USERFULLNAME",
            "value": "Paula McLaughlin"
          },
          {
            "key": "USERID",
            "value": "2044"
          }
        ]
      },
      "priority": "Normal",
      "isBodyHTML": true,
      "appShortName": "ENT_LOG_SWEEPER_WINSVC",
      "isEncrypted": false,
      "isExternalSend": false,
      "sentDate": "2025-03-16T22:47:25.1906671",
      "dateAdded": "2025-03-16T22:45:50.5388283"
    },
    {
      "id": 6881646,
      "eMailAddressFrom": {
        "eMailAddressString": "apptest@consolidatedhealthplan.com",
        "displayName": "Application Notifications"
      },
      "eMailAddressReplyTo": {
      },
      "eMailAddressTo": [
        {
          "eMailAddressString": "mulesoftdevelopers@wellfleetinsurance.com",
          "displayName": "Mulesoft Developers"
        }
      ],
      "eMailAddressCC": [
      ],
      "emailAddressBCC": [
      ],
      "attachmentUNCs": [
      ],
      "subject": "DEV: Status for MuleSoft EIS Payment Log File Parsing Process Application",
      "body": {
        "message": null,
        "templateURI": "https://oasis-dev.wellfleetinsurance.com/templates/NotificationApplicationStatusTemplate.html",
        "elements": [
          {
            "key": "HEADING",
            "value": " (104)"
          },
          {
            "key": "APPCONTACT",
            "value": "John Paul Lamb / Jack Yasgar"
          },
          {
            "key": "APPID",
            "value": "51"
          },
          {
            "key": "APPNAME",
            "value": "MuleSoft EIS Payment Log File Parsing Process Application"
          },
          {
            "key": "EMAILADDRESS",
            "value": "mulesoftdevelopers@wellfleetinsurance.com"
          },
          {
            "key": "FILEDATEPROCESSED",
            "value": "3/16/2025 4:00 PM"
          },
          {
            "key": "FILEINBOUND",
            "value": "False"
          },
          {
            "key": "FILENAME",
            "value": "\\\\deveas.medpro.com\\server\\rrng\\EISAPCLM.txt"
          },
          {
            "key": "FILENAMEONLY",
            "value": "EISAPCLM.txt"
          },
          {
            "key": "NEWFILENAME",
            "value": ""
          },
          {
            "key": "NEWFILENAMEONLY",
            "value": ""
          },
          {
            "key": "FILEPROCESSID",
            "value": "173217"
          },
          {
            "key": "NOTIFYSTATUSID",
            "value": "1583484"
          },
          {
            "key": "LOGDATE",
            "value": "3/16/2025 10:45 PM"
          },
          {
            "key": "STATUSMESSAGE",
            "value": "<br><br><P><PRE>STATUS_OBJECT_NAME_NOT_FOUND (0xc0000034): Create failed for \\\\deveas.medpro.com\\EASBackup\\EIS\\EISPayClaim_20250316.log</PRE></P>"
          },
          {
            "key": "STATUSCATDESCRIPTION",
            "value": ""
          },
          {
            "key": "STATUSCATNAME",
            "value": ""
          },
          {
            "key": "STATUSCATSHORTNAME",
            "value": ""
          },
          {
            "key": "STATUSDESCRIPTION",
            "value": ""
          },
          {
            "key": "STATUSID",
            "value": "104"
          },
          {
            "key": "USERFULLNAME",
            "value": "Mulesoft Developers"
          },
          {
            "key": "USERID",
            "value": "2043"
          }
        ]
      },
      "priority": "Normal",
      "isBodyHTML": true,
      "appShortName": "ENT_LOG_SWEEPER_WINSVC",
      "isEncrypted": false,
      "isExternalSend": false,
      "sentDate": "2025-03-16T22:47:24.595699",
      "dateAdded": "2025-03-16T22:45:50.1888453"
    },
    {
      "id": 6881645,
      "eMailAddressFrom": {
        "eMailAddressString": "apptest@consolidatedhealthplan.com",
        "displayName": "Application Notifications"
      },
      "eMailAddressReplyTo": {
      },
      "eMailAddressTo": [
        {
          "eMailAddressString": "pmclaughlin@wellfleetinsurance.com",
          "displayName": "Paula McLaughlin"
        }
      ],
      "eMailAddressCC": [
      ],
      "emailAddressBCC": [
      ],
      "attachmentUNCs": [
      ],
      "subject": "DEV: Status for MuleSoft EIS Payment Log File Parsing Process Application",
      "body": {
        "message": null,
        "templateURI": "https://oasis-dev.wellfleetinsurance.com/templates/NotificationApplicationStatusTemplate.html",
        "elements": [
          {
            "key": "HEADING",
            "value": " (104)"
          },
          {
            "key": "APPCONTACT",
            "value": "John Paul Lamb / Jack Yasgar"
          },
          {
            "key": "APPID",
            "value": "51"
          },
          {
            "key": "APPNAME",
            "value": "MuleSoft EIS Payment Log File Parsing Process Application"
          },
          {
            "key": "EMAILADDRESS",
            "value": "pmclaughlin@wellfleetinsurance.com"
          },
          {
            "key": "FILEDATEPROCESSED",
            "value": "3/15/2025 4:00 PM"
          },
          {
            "key": "FILEINBOUND",
            "value": "False"
          },
          {
            "key": "FILENAME",
            "value": "\\\\deveas.medpro.com\\server\\rrng\\EISAPCLM.txt"
          },
          {
            "key": "FILENAMEONLY",
            "value": "EISAPCLM.txt"
          },
          {
            "key": "NEWFILENAME",
            "value": ""
          },
          {
            "key": "NEWFILENAMEONLY",
            "value": ""
          },
          {
            "key": "FILEPROCESSID",
            "value": "173215"
          },
          {
            "key": "NOTIFYSTATUSID",
            "value": "1583471"
          },
          {
            "key": "LOGDATE",
            "value": "3/15/2025 10:45 PM"
          },
          {
            "key": "STATUSMESSAGE",
            "value": "<br><br><P><PRE>STATUS_OBJECT_NAME_NOT_FOUND (0xc0000034): Create failed for \\\\deveas.medpro.com\\EASBackup\\EIS\\EISPayClaim_20250315.log</PRE></P>"
          },
          {
            "key": "STATUSCATDESCRIPTION",
            "value": ""
          },
          {
            "key": "STATUSCATNAME",
            "value": ""
          },
          {
            "key": "STATUSCATSHORTNAME",
            "value": ""
          },
          {
            "key": "STATUSDESCRIPTION",
            "value": ""
          },
          {
            "key": "STATUSID",
            "value": "104"
          },
          {
            "key": "USERFULLNAME",
            "value": "Paula McLaughlin"
          },
          {
            "key": "USERID",
            "value": "2044"
          }
        ]
      },
      "priority": "Normal",
      "isBodyHTML": true,
      "appShortName": "ENT_LOG_SWEEPER_WINSVC",
      "isEncrypted": false,
      "isExternalSend": false,
      "sentDate": "2025-03-15T22:47:23.7783771",
      "dateAdded": "2025-03-15T22:45:41.561674"
    },
    {
      "id": 6881644,
      "eMailAddressFrom": {
        "eMailAddressString": "apptest@consolidatedhealthplan.com",
        "displayName": "Application Notifications"
      },
      "eMailAddressReplyTo": {
      },
      "eMailAddressTo": [
        {
          "eMailAddressString": "mulesoftdevelopers@wellfleetinsurance.com",
          "displayName": "Mulesoft Developers"
        }
      ],
      "eMailAddressCC": [
      ],
      "emailAddressBCC": [
      ],
      "attachmentUNCs": [
      ],
      "subject": "DEV: Status for MuleSoft EIS Payment Log File Parsing Process Application",
      "body": {
        "message": null,
        "templateURI": "https://oasis-dev.wellfleetinsurance.com/templates/NotificationApplicationStatusTemplate.html",
        "elements": [
          {
            "key": "HEADING",
            "value": " (104)"
          },
          {
            "key": "APPCONTACT",
            "value": "John Paul Lamb / Jack Yasgar"
          },
          {
            "key": "APPID",
            "value": "51"
          },
          {
            "key": "APPNAME",
            "value": "MuleSoft EIS Payment Log File Parsing Process Application"
          },
          {
            "key": "EMAILADDRESS",
            "value": "mulesoftdevelopers@wellfleetinsurance.com"
          },
          {
            "key": "FILEDATEPROCESSED",
            "value": "3/15/2025 4:00 PM"
          },
          {
            "key": "FILEINBOUND",
            "value": "False"
          },
          {
            "key": "FILENAME",
            "value": "\\\\deveas.medpro.com\\server\\rrng\\EISAPCLM.txt"
          },
          {
            "key": "FILENAMEONLY",
            "value": "EISAPCLM.txt"
          },
          {
            "key": "NEWFILENAME",
            "value": ""
          },
          {
            "key": "NEWFILENAMEONLY",
            "value": ""
          },
          {
            "key": "FILEPROCESSID",
            "value": "173215"
          },
          {
            "key": "NOTIFYSTATUSID",
            "value": "1583471"
          },
          {
            "key": "LOGDATE",
            "value": "3/15/2025 10:45 PM"
          },
          {
            "key": "STATUSMESSAGE",
            "value": "<br><br><P><PRE>STATUS_OBJECT_NAME_NOT_FOUND (0xc0000034): Create failed for \\\\deveas.medpro.com\\EASBackup\\EIS\\EISPayClaim_20250315.log</PRE></P>"
          },
          {
            "key": "STATUSCATDESCRIPTION",
            "value": ""
          },
          {
            "key": "STATUSCATNAME",
            "value": ""
          },
          {
            "key": "STATUSCATSHORTNAME",
            "value": ""
          },
          {
            "key": "STATUSDESCRIPTION",
            "value": ""
          },
          {
            "key": "STATUSID",
            "value": "104"
          },
          {
            "key": "USERFULLNAME",
            "value": "Mulesoft Developers"
          },
          {
            "key": "USERID",
            "value": "2043"
          }
        ]
      },
      "priority": "Normal",
      "isBodyHTML": true,
      "appShortName": "ENT_LOG_SWEEPER_WINSVC",
      "isEncrypted": false,
      "isExternalSend": false,
      "sentDate": "2025-03-15T22:47:23.1040112",
      "dateAdded": "2025-03-15T22:45:41.5162257"
    },
    {
      "id": 6881643,
      "eMailAddressFrom": {
        "eMailAddressString": "apptest@consolidatedhealthplan.com",
        "displayName": "Application Notifications"
      },
      "eMailAddressReplyTo": {
      },
      "eMailAddressTo": [
        {
          "eMailAddressString": "pmclaughlin@wellfleetinsurance.com",
          "displayName": "Paula McLaughlin"
        }
      ],
      "eMailAddressCC": [
      ],
      "emailAddressBCC": [
      ],
      "attachmentUNCs": [
      ],
      "subject": "DEV: Status for MuleSoft EIS Payment Log File Parsing Process Application",
      "body": {
        "message": null,
        "templateURI": "https://oasis-dev.wellfleetinsurance.com/templates/NotificationApplicationStatusTemplate.html",
        "elements": [
          {
            "key": "HEADING",
            "value": " (104)"
          },
          {
            "key": "APPCONTACT",
            "value": "John Paul Lamb / Jack Yasgar"
          },
          {
            "key": "APPID",
            "value": "51"
          },
          {
            "key": "APPNAME",
            "value": "MuleSoft EIS Payment Log File Parsing Process Application"
          },
          {
            "key": "EMAILADDRESS",
            "value": "pmclaughlin@wellfleetinsurance.com"
          },
          {
            "key": "FILEDATEPROCESSED",
            "value": "3/14/2025 4:00 PM"
          },
          {
            "key": "FILEINBOUND",
            "value": "False"
          },
          {
            "key": "FILENAME",
            "value": "\\\\deveas.medpro.com\\server\\rrng\\EISAPCLM.txt"
          },
          {
            "key": "FILENAMEONLY",
            "value": "EISAPCLM.txt"
          },
          {
            "key": "NEWFILENAME",
            "value": ""
          },
          {
            "key": "NEWFILENAMEONLY",
            "value": ""
          },
          {
            "key": "FILEPROCESSID",
            "value": "173213"
          },
          {
            "key": "NOTIFYSTATUSID",
            "value": "1583458"
          },
          {
            "key": "LOGDATE",
            "value": "3/14/2025 10:45 PM"
          },
          {
            "key": "STATUSMESSAGE",
            "value": "<br><br><P><PRE>STATUS_OBJECT_NAME_NOT_FOUND (0xc0000034): Create failed for \\\\deveas.medpro.com\\EASBackup\\EIS\\EISPayClaim_20250314.log</PRE></P>"
          },
          {
            "key": "STATUSCATDESCRIPTION",
            "value": ""
          },
          {
            "key": "STATUSCATNAME",
            "value": ""
          },
          {
            "key": "STATUSCATSHORTNAME",
            "value": ""
          },
          {
            "key": "STATUSDESCRIPTION",
            "value": ""
          },
          {
            "key": "STATUSID",
            "value": "104"
          },
          {
            "key": "USERFULLNAME",
            "value": "Paula McLaughlin"
          },
          {
            "key": "USERID",
            "value": "2044"
          }
        ]
      },
      "priority": "Normal",
      "isBodyHTML": true,
      "appShortName": "ENT_LOG_SWEEPER_WINSVC",
      "isEncrypted": false,
      "isExternalSend": false,
      "sentDate": "2025-03-14T22:47:21.9966275",
      "dateAdded": "2025-03-14T22:45:32.9810619"
    },
    {
      "id": 6881642,
      "eMailAddressFrom": {
        "eMailAddressString": "apptest@consolidatedhealthplan.com",
        "displayName": "Application Notifications"
      },
      "eMailAddressReplyTo": {
      },
      "eMailAddressTo": [
        {
          "eMailAddressString": "mulesoftdevelopers@wellfleetinsurance.com",
          "displayName": "Mulesoft Developers"
        }
      ],
      "eMailAddressCC": [
      ],
      "emailAddressBCC": [
      ],
      "attachmentUNCs": [
      ],
      "subject": "DEV: Status for MuleSoft EIS Payment Log File Parsing Process Application",
      "body": {
        "message": null,
        "templateURI": "https://oasis-dev.wellfleetinsurance.com/templates/NotificationApplicationStatusTemplate.html",
        "elements": [
          {
            "key": "HEADING",
            "value": " (104)"
          },
          {
            "key": "APPCONTACT",
            "value": "John Paul Lamb / Jack Yasgar"
          },
          {
            "key": "APPID",
            "value": "51"
          },
          {
            "key": "APPNAME",
            "value": "MuleSoft EIS Payment Log File Parsing Process Application"
          },
          {
            "key": "EMAILADDRESS",
            "value": "mulesoftdevelopers@wellfleetinsurance.com"
          },
          {
            "key": "FILEDATEPROCESSED",
            "value": "3/14/2025 4:00 PM"
          },
          {
            "key": "FILEINBOUND",
            "value": "False"
          },
          {
            "key": "FILENAME",
            "value": "\\\\deveas.medpro.com\\server\\rrng\\EISAPCLM.txt"
          },
          {
            "key": "FILENAMEONLY",
            "value": "EISAPCLM.txt"
          },
          {
            "key": "NEWFILENAME",
            "value": ""
          },
          {
            "key": "NEWFILENAMEONLY",
            "value": ""
          },
          {
            "key": "FILEPROCESSID",
            "value": "173213"
          },
          {
            "key": "NOTIFYSTATUSID",
            "value": "1583458"
          },
          {
            "key": "LOGDATE",
            "value": "3/14/2025 10:45 PM"
          },
          {
            "key": "STATUSMESSAGE",
            "value": "<br><br><P><PRE>STATUS_OBJECT_NAME_NOT_FOUND (0xc0000034): Create failed for \\\\deveas.medpro.com\\EASBackup\\EIS\\EISPayClaim_20250314.log</PRE></P>"
          },
          {
            "key": "STATUSCATDESCRIPTION",
            "value": ""
          },
          {
            "key": "STATUSCATNAME",
            "value": ""
          },
          {
            "key": "STATUSCATSHORTNAME",
            "value": ""
          },
          {
            "key": "STATUSDESCRIPTION",
            "value": ""
          },
          {
            "key": "STATUSID",
            "value": "104"
          },
          {
            "key": "USERFULLNAME",
            "value": "Mulesoft Developers"
          },
          {
            "key": "USERID",
            "value": "2043"
          }
        ]
      },
      "priority": "Normal",
      "isBodyHTML": true,
      "appShortName": "ENT_LOG_SWEEPER_WINSVC",
      "isEncrypted": false,
      "isExternalSend": false,
      "sentDate": "2025-03-14T22:47:21.3654014",
      "dateAdded": "2025-03-14T22:45:32.6308205"
    },
    {
      "id": 6881641,
      "eMailAddressFrom": {
        "eMailAddressString": "apptest@consolidatedhealthplan.com",
        "displayName": "Application Notifications"
      },
      "eMailAddressReplyTo": {
      },
      "eMailAddressTo": [
        {
          "eMailAddressString": "mulesoftdevelopers@wellfleetinsurance.com",
          "displayName": "Mulesoft Developers"
        }
      ],
      "eMailAddressCC": [
      ],
      "emailAddressBCC": [
      ],
      "attachmentUNCs": [
      ],
      "subject": "DEV: Error from MuleSoft EIS Payment Status Update Process API Micro Service",
      "body": {
        "message": null,
        "templateURI": "https://oasis-dev.wellfleetinsurance.com/templates/AppEventErrorMultipleTemplate.html",
        "elements": [
          {
            "key": "YEAR",
            "value": "2025"
          },
          {
            "key": "APPVERSION",
            "value": "1.0"
          },
          {
            "key": "LOGINID",
            "value": ""
          },
          {
            "key": "APPNAME",
            "value": "MuleSoft EIS Payment Status Update Process API Micro Service"
          },
          {
            "key": "CONTACT",
            "value": "John Paul Lamb / Jack Yasgar"
          },
          {
            "key": "EMAILADDRESS",
            "value": "mulesoftdevelopers@wellfleetinsurance.com"
          },
          {
            "key": "USERFULLNAME",
            "value": "Mulesoft Developers"
          },
          {
            "key": "HEADING",
            "value": "An Error occurred in MuleSoft EIS Payment Status Update Process API Micro Service"
          },
          {
            "key": "MAINBODY",
            "value": "<label style=\"font-family: Arial, Verdana, sans-serif; font-size:small; color: blue; font-weight: bold;\">3/14/2025 5:01 PM</label><table width=\"100%\" border=\"1\" style=\"border-width: thick; border-color: blue; border-collapse: collapse;\"><tr><td><table width=\"100%\" border=\"1\" style=\"color: blue; border-collapse: collapse;\"><tr><td width=\"140px\" style=\"font-family: Arial, Verdana, sans-serif; color: black;\"><strong>Message:</strong></td><td colspan=\"3\" style=\"font-family: Arial, Verdana, sans-serif; color: black;\"><pre>You called the function 'Value Selector' with these arguments: \n  1: Binary ( as Binary {base: 64})\n  2: Name (content)\n\nBut it expects one of these combinations:\n  (Array, Name)\n  (Array, String)\n  (Date, Name)\n  (DateTime, Name)\n  (LocalDateTime, Name)\n  (LocalTime, Name)\n  (Object, Name)\n  (Object, String)\n  (Period, Name)\n  (Time, Name)\n\n4| payload.content map ( content , indexOfContent ) -> {\n   ^^^^^^^^^^^^^^^\nTrace:\n  at anonymous::main (line: 4, column: 1) evaluating expression: %dw 2.0\noutput application/json\n---\npayload.content map ( content , indexOfContent ) -> {\n\t\teasPaymentNumber: if(content.paymentMode == C) content.checkNumber \n\t\telse content.eftAdviceNumber,\n\t\tpaymentMode: content.paymentMode,\n\t\tcheckReconStatus: content.checkReconStatus,\n\t\tcheckReconDate: content.checkReconDate,\n\t\tinvoiceAmount: content.invoiceAmount,\n\t\tcheckNote: content.checkNote,\n\t\tdaysBetweenUpdate : daysBetween(content.dateEntered, now()), \n\t\thoursBetweenUpdate: (now() - content.dateEntered).hours \n\t\t\n}.</pre></td></tr><tr><td colspan=\"4\" style=\"font-family: Arial, Verdana, sans-serif; color: black;\"><strong>Long Description:</strong></td></tr><tr><td colspan=\"4\" style=\"font-family: Arial, Verdana, sans-serif; color: black;\"><pre>You called the function 'Value Selector' with these arguments: \n  1: Binary ( as Binary {base: 64})\n  2: Name (content)\n\nBut it expects one of these combinations:\n  (Array, Name)\n  (Array, String)\n  (Date, Name)\n  (DateTime, Name)\n  (LocalDateTime, Name)\n  (LocalTime, Name)\n  (Object, Name)\n  (Object, String)\n  (Period, Name)\n  (Time, Name)\n\n4| payload.content map ( content , indexOfContent ) -> {\n   ^^^^^^^^^^^^^^^\nTrace:\n  at anonymous::main (line: 4, column: 1) evaluating expression: %dw 2.0\noutput application/json\n---\npayload.content map ( content , indexOfContent ) -> {\n\t\teasPaymentNumber: if(content.paymentMode == C) content.checkNumber \n\t\telse content.eftAdviceNumber,\n\t\tpaymentMode: content.paymentMode,\n\t\tcheckReconStatus: content.checkReconStatus,\n\t\tcheckReconDate: content.checkReconDate,\n\t\tinvoiceAmount: content.invoiceAmount,\n\t\tcheckNote: content.checkNote,\n\t\tdaysBetweenUpdate : daysBetween(content.dateEntered, now()), \n\t\thoursBetweenUpdate: (now() - content.dateEntered).hours \n\t\t\n}.</pre></td></tr><tr><td width=\"140px\" style=\"font-family: Arial, Verdana, sans-serif; color: black;\"><strong>Method:</strong></td><td style=\"font-family: Arial, Verdana, sans-serif; color: black;\">FileProcessSetSub_Flow</td><td width=\"140px\" style=\"font-family: Arial, Verdana, sans-serif; color: black;\"><strong>Correlation ID:</strong></td><td style=\"font-family: Arial, Verdana, sans-serif; color: black;\">4ad7af10-0117-11f0-9ec0-005056a73672</td></tr><tr><td width=\"140px\" style=\"font-family: Arial, Verdana, sans-serif; color: black;\"><strong>Record ID:</strong></td><td style=\"font-family: Arial, Verdana, sans-serif; color: black;\"></td><td width=\"140px\" style=\"font-family: Arial, Verdana, sans-serif; color: black;\"><strong>Organization:</strong></td><td style=\"font-family: Arial, Verdana, sans-serif; color: black;\">Wellfleet</td></tr><tr><td width=\"140px\" style=\"font-family: Arial,Verdana,sans-serif; color: black;\"><strong>AppVersion:</strong></td><td style=\"font-family: Arial,Verdana,sans-serif; color: black;\">1.0</td><td width=\"140px\" style=\"font-family: Arial,Verdana,sans-serif; color: black;\"><strong>Login Id:</strong></td><td style=\"font-family: Arial,Verdana,sans-serif; color: black;\"></td></tr><tr><td width=\"140px\" style=\"font-family: Arial,Verdana,sans-serif; color: black;\"><strong>App Name:</strong></td><td colspan=\"3\" style=\"font-family: Arial,Verdana,sans-serif; color: black;\">MuleSoft EIS Payment Status Update Process API Micro Service</td></tr><tr><td width=\"140px\" style=\"font-family: Arial,Verdana,sans-serif; color: black;\"><strong>App Contact:</strong></td><td colspan=\"3\" style=\"font-family: Arial,Verdana,sans-serif; color: black;\">John Paul Lamb / Jack Yasgar</td></tr></tbody></table></td></tr></tbody></table><br/>"
          }
        ]
      },
      "priority": "High",
      "isBodyHTML": true,
      "appShortName": "ENT_LOG_SWEEPER_WINSVC",
      "isEncrypted": false,
      "isExternalSend": false,
      "sentDate": "2025-03-14T17:03:20.9365777",
      "dateAdded": "2025-03-14T17:01:24.1457031"
    },
    {
      "id": 6881640,
      "eMailAddressFrom": {
        "eMailAddressString": "apptest@consolidatedhealthplan.com",
        "displayName": "Application Notifications"
      },
      "eMailAddressReplyTo": {
      },
      "eMailAddressTo": [
        {
          "eMailAddressString": "pmclaughlin@wellfleetinsurance.com",
          "displayName": "Paula McLaughlin"
        }
      ],
      "eMailAddressCC": [
      ],
      "emailAddressBCC": [
      ],
      "attachmentUNCs": [
      ],
      "subject": "DEV: Status for MuleSoft EIS Payment Log File Parsing Process Application",
      "body": {
        "message": null,
        "templateURI": "https://oasis-dev.wellfleetinsurance.com/templates/NotificationApplicationStatusTemplate.html",
        "elements": [
          {
            "key": "HEADING",
            "value": " (104)"
          },
          {
            "key": "APPCONTACT",
            "value": "John Paul Lamb / Jack Yasgar"
          },
          {
            "key": "APPID",
            "value": "51"
          },
          {
            "key": "APPNAME",
            "value": "MuleSoft EIS Payment Log File Parsing Process Application"
          },
          {
            "key": "EMAILADDRESS",
            "value": "pmclaughlin@wellfleetinsurance.com"
          },
          {
            "key": "FILEDATEPROCESSED",
            "value": "3/13/2025 4:00 PM"
          },
          {
            "key": "FILEINBOUND",
            "value": "False"
          },
          {
            "key": "FILENAME",
            "value": "\\\\deveas.medpro.com\\server\\rrng\\EISAPCLM.txt"
          },
          {
            "key": "FILENAMEONLY",
            "value": "EISAPCLM.txt"
          },
          {
            "key": "NEWFILENAME",
            "value": ""
          },
          {
            "key": "NEWFILENAMEONLY",
            "value": ""
          },
          {
            "key": "FILEPROCESSID",
            "value": "173211"
          },
          {
            "key": "NOTIFYSTATUSID",
            "value": "1583445"
          },
          {
            "key": "LOGDATE",
            "value": "3/13/2025 10:45 PM"
          },
          {
            "key": "STATUSMESSAGE",
            "value": "<br><br><P><PRE>STATUS_OBJECT_NAME_NOT_FOUND (0xc0000034): Create failed for \\\\deveas.medpro.com\\EASBackup\\EIS\\EISPayClaim_20250313.log</PRE></P>"
          },
          {
            "key": "STATUSCATDESCRIPTION",
            "value": ""
          },
          {
            "key": "STATUSCATNAME",
            "value": ""
          },
          {
[...]
          "LUDate2": "0001-01-01T00:00:00",
          "DateAdded": "2018-01-24T15:20:02.503",
          "DateMod": "2018-01-24T15:20:02.503",
          "IsReadOnly": false
        },
        {
          "Id": 1690,
          "CategoryID": 54,
          "CategoryShortName": "GLADGROUPCOVERAGETOSI",
          "Code": "SA",
          "ItemDescription": "Study Abroad Insurance Plan",
          "EnumValue": 1,
          "LUValue": "Study Abroad",
          "LUValue2": "",
          "IsActive": true,
          "LUBoolean": false,
          "LUQuantity": 0,
          "LUDate1": "0001-01-01T00:00:00",
          "LUDate2": "0001-01-01T00:00:00",
          "DateAdded": "2018-01-24T15:20:02.51",
          "DateMod": "2018-01-24T15:20:02.51",
          "IsReadOnly": false
        }
      ]
    }
  ],
  "message": {
    "id": 0,
    "level": 0,
    "state": 0
  },
  "links": [
  ]
}
 
[main] INFO com.intuit.karate - [print] [
  54
]
 
[main] INFO com.intuit.karate.Suite - <<pass>> feature 16 of 21 (0 remaining) classpath:wfSImuleSoft/expApi/getEntlookupsLuCategoryCSR3536.feature
[main] INFO com.intuit.karate - karate.env system property was: null 
[main] INFO com.intuit.karate - [print] {
  "metadata": {
    "count": 1,
    "offset": 0,
    "limit": 1,
    "total": 1,
    "page": 1,
    "refid": 0
  },
  "content": [
    {
      "Id": 54,
      "CatName": "Convert 7-8 Alpha from Group to Med Coverage",
      "CatShortName": "GLADGROUPCOVERAGETOSI",
      "CatDescription": "These are the conversions from the CHP Group number (SI Policy Number) alpha in position 7-8 to the Medical Coverage Text",
      "IsActive": true,
      "Items": [
        {
          "Id": 2847,
          "CategoryID": 54,
          "CategoryShortName": "GLADGROUPCOVERAGETOSI",
          "Code": "IN",
          "ItemDescription": "- Accident & Sickness Insurance Plan",
          "EnumValue": 1,
          "LUValue": "- Accident & Sickness",
          "IsActive": true,
          "LUBoolean": false,
          "LUQuantity": 0,
          "LUDate1": "0001-01-01T00:00:00",
          "LUDate2": "0001-01-01T00:00:00",
          "DateAdded": "2020-03-24T14:27:39.5589468",
          "DateMod": "2020-03-24T14:27:39.5589468",
          "IsReadOnly": false
        },
        {
          "Id": 1688,
          "CategoryID": 54,
          "CategoryShortName": "GLADGROUPCOVERAGETOSI",
          "Code": "AC",
          "ItemDescription": "Accident Only Insurance Plan",
          "EnumValue": 1,
          "LUValue": "Accident",
          "LUValue2": "",
          "IsActive": true,
          "LUBoolean": false,
          "LUQuantity": 0,
          "LUDate1": "0001-01-01T00:00:00",
          "LUDate2": "0001-01-01T00:00:00",
          "DateAdded": "2018-01-24T15:20:02.507",
          "DateMod": "2018-01-24T15:20:02.507",
          "IsReadOnly": false
        },
        {
          "Id": 2797,
          "CategoryID": 54,
          "CategoryShortName": "GLADGROUPCOVERAGETOSI",
          "Code": "19",
          "ItemDescription": "Accident Only Insurance Plan",
          "EnumValue": 1,
          "LUValue": "Accident",
          "LUValue2": "",
          "IsActive": true,
          "LUBoolean": false,
          "LUQuantity": 0,
          "LUDate1": "0001-01-01T00:00:00",
          "LUDate2": "0001-01-01T00:00:00",
          "DateAdded": "2019-09-20T09:24:05.927",
          "DateMod": "2019-09-20T09:24:05.927",
          "IsReadOnly": false
        },
        {
          "Id": 1692,
          "CategoryID": 54,
          "CategoryShortName": "GLADGROUPCOVERAGETOSI",
          "Code": "FI",
          "ItemDescription": "Fixed Indemnity Insurance Plan",
          "EnumValue": 1,
          "LUValue": "Fixed Indemnity",
          "LUValue2": "",
          "IsActive": true,
          "LUBoolean": false,
          "LUQuantity": 0,
          "LUDate1": "0001-01-01T00:00:00",
          "LUDate2": "0001-01-01T00:00:00",
          "DateAdded": "2018-01-24T15:20:02.513",
          "DateMod": "2018-01-24T15:20:02.513",
          "IsReadOnly": false
        },
        {
          "Id": 1689,
          "CategoryID": 54,
          "CategoryShortName": "GLADGROUPCOVERAGETOSI",
          "Code": "IC",
          "ItemDescription": "Intercollegiate Sports Insurance Plan",
          "EnumValue": 1,
          "LUValue": "ICS",
          "LUValue2": "",
          "IsActive": true,
          "LUBoolean": false,
          "LUQuantity": 0,
          "LUDate1": "0001-01-01T00:00:00",
          "LUDate2": "0001-01-01T00:00:00",
          "DateAdded": "2018-01-24T15:20:02.51",
          "DateMod": "2018-01-24T15:20:02.51",
          "IsReadOnly": false
        },
        {
          "Id": 1691,
          "CategoryID": 54,
          "CategoryShortName": "GLADGROUPCOVERAGETOSI",
          "Code": "LM",
          "ItemDescription": "Limited Medical Insurance Plan",
          "EnumValue": 1,
          "LUValue": "Limited Medical",
          "LUValue2": "",
          "IsActive": true,
          "LUBoolean": false,
          "LUQuantity": 0,
          "LUDate1": "0001-01-01T00:00:00",
          "LUDate2": "0001-01-01T00:00:00",
          "DateAdded": "2018-01-24T15:20:02.513",
          "DateMod": "2018-01-24T15:20:02.513",
          "IsReadOnly": false
        },
        {
          "Id": 1687,
          "CategoryID": 54,
          "CategoryShortName": "GLADGROUPCOVERAGETOSI",
          "Code": "SH",
          "ItemDescription": "Student Health Insurance Plan",
          "EnumValue": 1,
          "LUValue": "SHIP",
          "LUValue2": "",
          "IsActive": true,
          "LUBoolean": false,
          "LUQuantity": 0,
          "LUDate1": "0001-01-01T00:00:00",
          "LUDate2": "0001-01-01T00:00:00",
          "DateAdded": "2018-01-24T15:20:02.503",
          "DateMod": "2018-01-24T15:20:02.503",
          "IsReadOnly": false
        },
        {
          "Id": 1690,
          "CategoryID": 54,
          "CategoryShortName": "GLADGROUPCOVERAGETOSI",
          "Code": "SA",
          "ItemDescription": "Study Abroad Insurance Plan",
          "EnumValue": 1,
          "LUValue": "Study Abroad",
          "LUValue2": "",
          "IsActive": true,
          "LUBoolean": false,
          "LUQuantity": 0,
          "LUDate1": "0001-01-01T00:00:00",
          "LUDate2": "0001-01-01T00:00:00",
          "DateAdded": "2018-01-24T15:20:02.51",
          "DateMod": "2018-01-24T15:20:02.51",
          "IsReadOnly": false
        }
      ]
    }
  ],
  "message": {
    "id": 0,
    "level": 0,
    "state": 0
  },
  "links": [
  ]
}
 
[main] INFO com.intuit.karate - [print] [
  54
]
 
[main] INFO com.intuit.karate.Suite - <<pass>> feature 17 of 21 (0 remaining) classpath:wfSImuleSoft/expApi/getEntlookupsLuCategoryIdCSR3536.feature
[main] INFO com.intuit.karate - karate.env system property was: null 
[main] INFO com.intuit.karate - [print] {
  "metadata": {
    "count": 1,
    "offset": 0,
    "limit": 1,
    "total": 1,
    "page": 1,
    "refid": 0
  },
  "content": [
    {
      "Id": 2797,
      "CategoryID": 54,
      "Code": "19",
      "ItemDescription": "Accident Only Insurance Plan",
      "EnumValue": 1,
      "LUValue": "Accident",
      "LUValue2": "",
      "IsActive": true,
      "LUBoolean": false,
      "LUQuantity": 0,
      "LUDate1": "0001-01-01T00:00:00",
      "LUDate2": "0001-01-01T00:00:00",
      "DateAdded": "2019-09-20T09:24:05.927",
      "DateMod": "2019-09-20T09:24:05.927",
      "IsReadOnly": false,
      "CategoryShortName": "GLADGROUPCOVERAGETOSI"
    }
  ],
  "message": {
    "id": 0,
    "level": 0,
    "state": 0
  },
  "links": [
  ]
}
 
[main] INFO com.intuit.karate - [print] [
  2797
]
 
[main] INFO com.intuit.karate.Suite - <<pass>> feature 18 of 21 (0 remaining) classpath:wfSImuleSoft/expApi/getEntlookupsLuItemCSR3536.feature
[main] INFO com.intuit.karate - karate.env system property was: null 
[main] INFO com.intuit.karate - [print] {
  "metadata": {
    "count": 8,
    "offset": 0,
    "limit": 8,
    "total": 8,
    "page": 1,
    "refid": 54
  },
  "content": [
    {
      "Id": 2847,
      "CategoryID": 54,
      "CategoryShortName": "GLADGROUPCOVERAGETOSI",
      "Code": "IN",
      "EnumValue": 1,
      "LUValue": "- Accident & Sickness",
      "IsActive": true,
      "LUBoolean": false,
      "LUQuantity": 0,
      "LUDate1": "0001-01-01T00:00:00",
      "LUDate2": "0001-01-01T00:00:00",
      "DateAdded": "2020-03-24T14:27:39.5589468",
      "DateMod": "2020-03-24T14:27:39.5589468",
      "IsReadOnly": false
    },
    {
      "Id": 1688,
      "CategoryID": 54,
      "CategoryShortName": "GLADGROUPCOVERAGETOSI",
      "Code": "AC",
      "EnumValue": 1,
      "LUValue": "Accident",
      "LUValue2": "",
      "IsActive": true,
      "LUBoolean": false,
      "LUQuantity": 0,
      "LUDate1": "0001-01-01T00:00:00",
      "LUDate2": "0001-01-01T00:00:00",
      "DateAdded": "2018-01-24T15:20:02.507",
      "DateMod": "2018-01-24T15:20:02.507",
      "IsReadOnly": false
    },
    {
      "Id": 2797,
      "CategoryID": 54,
      "CategoryShortName": "GLADGROUPCOVERAGETOSI",
      "Code": "19",
      "EnumValue": 1,
      "LUValue": "Accident",
      "LUValue2": "",
      "IsActive": true,
      "LUBoolean": false,
      "LUQuantity": 0,
      "LUDate1": "0001-01-01T00:00:00",
      "LUDate2": "0001-01-01T00:00:00",
      "DateAdded": "2019-09-20T09:24:05.927",
      "DateMod": "2019-09-20T09:24:05.927",
      "IsReadOnly": false
    },
    {
      "Id": 1692,
      "CategoryID": 54,
      "CategoryShortName": "GLADGROUPCOVERAGETOSI",
      "Code": "FI",
      "EnumValue": 1,
      "LUValue": "Fixed Indemnity",
      "LUValue2": "",
      "IsActive": true,
      "LUBoolean": false,
      "LUQuantity": 0,
      "LUDate1": "0001-01-01T00:00:00",
      "LUDate2": "0001-01-01T00:00:00",
      "DateAdded": "2018-01-24T15:20:02.513",
      "DateMod": "2018-01-24T15:20:02.513",
      "IsReadOnly": false
    },
    {
      "Id": 1689,
      "CategoryID": 54,
      "CategoryShortName": "GLADGROUPCOVERAGETOSI",
      "Code": "IC",
      "EnumValue": 1,
      "LUValue": "ICS",
      "LUValue2": "",
      "IsActive": true,
      "LUBoolean": false,
      "LUQuantity": 0,
      "LUDate1": "0001-01-01T00:00:00",
      "LUDate2": "0001-01-01T00:00:00",
      "DateAdded": "2018-01-24T15:20:02.51",
      "DateMod": "2018-01-24T15:20:02.51",
      "IsReadOnly": false
    },
    {
      "Id": 1691,
      "CategoryID": 54,
      "CategoryShortName": "GLADGROUPCOVERAGETOSI",
      "Code": "LM",
      "EnumValue": 1,
      "LUValue": "Limited Medical",
      "LUValue2": "",
      "IsActive": true,
      "LUBoolean": false,
      "LUQuantity": 0,
      "LUDate1": "0001-01-01T00:00:00",
      "LUDate2": "0001-01-01T00:00:00",
      "DateAdded": "2018-01-24T15:20:02.513",
      "DateMod": "2018-01-24T15:20:02.513",
      "IsReadOnly": false
    },
    {
      "Id": 1687,
      "CategoryID": 54,
      "CategoryShortName": "GLADGROUPCOVERAGETOSI",
      "Code": "SH",
      "EnumValue": 1,
      "LUValue": "SHIP",
      "LUValue2": "",
      "IsActive": true,
      "LUBoolean": false,
      "LUQuantity": 0,
      "LUDate1": "0001-01-01T00:00:00",
      "LUDate2": "0001-01-01T00:00:00",
      "DateAdded": "2018-01-24T15:20:02.503",
      "DateMod": "2018-01-24T15:20:02.503",
      "IsReadOnly": false
    },
    {
      "Id": 1690,
      "CategoryID": 54,
      "CategoryShortName": "GLADGROUPCOVERAGETOSI",
      "Code": "SA",
      "EnumValue": 1,
      "LUValue": "Study Abroad",
      "LUValue2": "",
      "IsActive": true,
      "LUBoolean": false,
      "LUQuantity": 0,
      "LUDate1": "0001-01-01T00:00:00",
      "LUDate2": "0001-01-01T00:00:00",
      "DateAdded": "2018-01-24T15:20:02.51",
      "DateMod": "2018-01-24T15:20:02.51",
      "IsReadOnly": false
    }
  ],
  "message": {
    "id": 0,
    "level": 0,
    "state": 0
  },
  "links": [
  ]
}
 
[main] INFO com.intuit.karate - [print] [
  2847,
  1688,
  2797,
  1692,
  1689,
  1691,
  1687,
  1690
]
 
[main] INFO com.intuit.karate.Suite - <<pass>> feature 19 of 21 (0 remaining) classpath:wfSImuleSoft/expApi/getEntlookupsLuItemsCSR3536.feature
[main] INFO com.intuit.karate - karate.env system property was: null 
[main] INFO com.intuit.karate - [print] {
  "metadata": {
    "count": 1,
    "offset": 0,
    "limit": 1,
    "total": 1,
    "page": 1,
    "refid": 54
  },
  "content": [
    {
      "Id": 2797,
      "CategoryID": 54,
      "CategoryShortName": "GLADGROUPCOVERAGETOSI",
      "Code": "19",
      "EnumValue": 1,
      "LUValue": "Accident",
      "LUValue2": "",
      "IsActive": true,
      "LUBoolean": false,
      "LUQuantity": 0,
      "LUDate1": "0001-01-01T00:00:00",
      "LUDate2": "0001-01-01T00:00:00",
      "DateAdded": "2019-09-20T09:24:05.927",
      "DateMod": "2019-09-20T09:24:05.927",
      "IsReadOnly": false
    }
  ],
  "message": {
    "id": 0,
    "level": 0,
    "state": 0
  },
  "links": [
  ]
}
 
[main] INFO com.intuit.karate - [print] [
  2797
]
 
[main] INFO com.intuit.karate.Suite - <<pass>> feature 20 of 21 (0 remaining) classpath:wfSImuleSoft/expApi/getEntlookupsOneLuItemCSR3536.feature
[main] INFO com.intuit.karate - karate.env system property was: null 
[main] INFO com.intuit.karate - [print] {
  "metadata": {
    "count": 1,
    "offset": 0,
    "limit": 1,
    "total": 1,
    "page": 1,
    "searchterm": "",
    "searchfilter": "",
    "sortexpression": "",
    "sortorder": "",
    "refid": 0
  },
  "content": [
    {
      "id": 6881518,
      "eMailAddressFrom": {
      },
      "eMailAddressReplyTo": {
      },
      "eMailAddressTo": [
        {
          "eMailAddressString": "jyasgar@wellfleetinsurance.com",
          "displayName": "Wellfleet Lighthouse"
        }
      ],
      "eMailAddressCC": [
      ],
      "emailAddressBCC": [
      ],
      "attachmentUNCs": [
      ],
      "subject": "QA TEST: Test just for Deepak",
      "body": {
        "message": null,
        "templateURI": "https://oasis.wellfleetinsurance.com/templates/SimpleNotificationTemplate.html",
        "elements": [
          {
            "key": "HEADING",
            "value": "You just sent an email you lucky dog!"
          },
          {
            "key": "MESSAGE",
            "value": "I'm so proud of you Deepak!"
          },
          {
            "key": "YEAR",
            "value": "2025"
          },
          {
            "key": "EMAILADDRESS",
            "value": "DKumar@wellfleetinsurance.com"
          },
          {
            "key": "USERFULLNAME",
            "value": "The bestest QA tester!"
          }
        ]
      },
      "priority": "Normal",
      "isBodyHTML": true,
      "appShortName": "EMPLOYEE_PORTAL_WEB_WB",
      "isEncrypted": false,
      "isExternalSend": false,
      "sentDate": "2025-02-21T11:20:55.7589057",
      "dateAdded": "2025-02-21T11:20:03.7605513"
    }
  ],
  "message": {
    "id": 0,
    "level": 0,
    "state": 0,
    "source": "",
    "message": "",
    "code": "",
    "stacktrace": ""
  },
  "links": [
  ]
}
 
[main] INFO com.intuit.karate - [print] [
  6881518
]
 
[main] INFO com.intuit.karate.Suite - <<pass>> feature 21 of 21 (0 remaining) classpath:wfSImuleSoft/expApi/getSaveEmailExpCSR3534.feature
Mar 17, 2025 9:12:48 AM net.masterthought.cucumber.ReportParser parseJsonFiles
INFO: File 'C:\Users\600001141\WFMuleSoftAPITest\target\karate-reports\wfSImuleSoft.expApi.getAgencyCityNameInExp.json' contains 1 feature(s)
Mar 17, 2025 9:12:48 AM net.masterthought.cucumber.ReportParser parseJsonFiles
INFO: File 'C:\Users\600001141\WFMuleSoftAPITest\target\karate-reports\wfSImuleSoft.expApi.getAgencyCodeInExp.json' contains 1 feature(s)
Mar 17, 2025 9:12:48 AM net.masterthought.cucumber.ReportParser parseJsonFiles
INFO: File 'C:\Users\600001141\WFMuleSoftAPITest\target\karate-reports\wfSImuleSoft.expApi.getAgencyDetailsInExp.json' contains 1 feature(s)
Mar 17, 2025 9:12:48 AM net.masterthought.cucumber.ReportParser parseJsonFiles
INFO: File 'C:\Users\600001141\WFMuleSoftAPITest\target\karate-reports\wfSImuleSoft.expApi.getAgencyNameInExp.json' contains 1 feature(s)
Mar 17, 2025 9:12:48 AM net.masterthought.cucumber.ReportParser parseJsonFiles
INFO: File 'C:\Users\600001141\WFMuleSoftAPITest\target\karate-reports\wfSImuleSoft.expApi.getAgencyPostalcodeInExp.json' contains 1 feature(s)
Mar 17, 2025 9:12:48 AM net.masterthought.cucumber.ReportParser parseJsonFiles
INFO: File 'C:\Users\600001141\WFMuleSoftAPITest\target\karate-reports\wfSImuleSoft.expApi.getAgencyStateInExp.json' contains 1 feature(s)
Mar 17, 2025 9:12:48 AM net.masterthought.cucumber.ReportParser parseJsonFiles
INFO: File 'C:\Users\600001141\WFMuleSoftAPITest\target\karate-reports\wfSImuleSoft.expApi.getAgencyTotalNumbersInExp.json' contains 1 feature(s)
Mar 17, 2025 9:12:48 AM net.masterthought.cucumber.ReportParser parseJsonFiles
INFO: File 'C:\Users\600001141\WFMuleSoftAPITest\target\karate-reports\wfSImuleSoft.expApi.getCaseCustomerNumberExp.json' contains 1 feature(s)
Mar 17, 2025 9:12:48 AM net.masterthought.cucumber.ReportParser parseJsonFiles
INFO: File 'C:\Users\600001141\WFMuleSoftAPITest\target\karate-reports\wfSImuleSoft.expApi.getCaseNumberExp.json' contains 1 feature(s)
Mar 17, 2025 9:12:48 AM net.masterthought.cucumber.ReportParser parseJsonFiles
INFO: File 'C:\Users\600001141\WFMuleSoftAPITest\target\karate-reports\wfSImuleSoft.expApi.getEISLUItemCSR3536.json' contains 1 feature(s)
Mar 17, 2025 9:12:48 AM net.masterthought.cucumber.ReportParser parseJsonFiles
INFO: File 'C:\Users\600001141\WFMuleSoftAPITest\target\karate-reports\wfSImuleSoft.expApi.getEmailExpCSR3534.json' contains 1 feature(s)
Mar 17, 2025 9:12:48 AM net.masterthought.cucumber.ReportParser parseJsonFiles
INFO: File 'C:\Users\600001141\WFMuleSoftAPITest\target\karate-reports\wfSImuleSoft.expApi.getEmailsPageExpCSR3534.json' contains 1 feature(s)
Mar 17, 2025 9:12:48 AM net.masterthought.cucumber.ReportParser parseJsonFiles
INFO: File 'C:\Users\600001141\WFMuleSoftAPITest\target\karate-reports\wfSImuleSoft.expApi.getEntEISLookupCSR3536.json' contains 1 feature(s)
Mar 17, 2025 9:12:48 AM net.masterthought.cucumber.ReportParser parseJsonFiles
INFO: File 'C:\Users\600001141\WFMuleSoftAPITest\target\karate-reports\wfSImuleSoft.expApi.getEntEISLUItemsCSR3536.json' contains 1 feature(s)
Mar 17, 2025 9:12:48 AM net.masterthought.cucumber.ReportParser parseJsonFiles
INFO: File 'C:\Users\600001141\WFMuleSoftAPITest\target\karate-reports\wfSImuleSoft.expApi.getEntlookupsCategoryCSR3536.json' contains 1 feature(s)
Mar 17, 2025 9:12:48 AM net.masterthought.cucumber.ReportParser parseJsonFiles
INFO: File 'C:\Users\600001141\WFMuleSoftAPITest\target\karate-reports\wfSImuleSoft.expApi.getEntlookupsLuCategoryCSR3536.json' contains 1 feature(s)
Mar 17, 2025 9:12:48 AM net.masterthought.cucumber.ReportParser parseJsonFiles
INFO: File 'C:\Users\600001141\WFMuleSoftAPITest\target\karate-reports\wfSImuleSoft.expApi.getEntlookupsLuCategoryIdCSR3536.json' contains 1 feature(s)
Mar 17, 2025 9:12:48 AM net.masterthought.cucumber.ReportParser parseJsonFiles
INFO: File 'C:\Users\600001141\WFMuleSoftAPITest\target\karate-reports\wfSImuleSoft.expApi.getEntlookupsLuItemCSR3536.json' contains 1 feature(s)
Mar 17, 2025 9:12:48 AM net.masterthought.cucumber.ReportParser parseJsonFiles
INFO: File 'C:\Users\600001141\WFMuleSoftAPITest\target\karate-reports\wfSImuleSoft.expApi.getEntlookupsLuItemsCSR3536.json' contains 1 feature(s)
Mar 17, 2025 9:12:48 AM net.masterthought.cucumber.ReportParser parseJsonFiles
INFO: File 'C:\Users\600001141\WFMuleSoftAPITest\target\karate-reports\wfSImuleSoft.expApi.getEntlookupsOneLuItemCSR3536.json' contains 1 feature(s)
Mar 17, 2025 9:12:48 AM net.masterthought.cucumber.ReportParser parseJsonFiles
INFO: File 'C:\Users\600001141\WFMuleSoftAPITest\target\karate-reports\wfSImuleSoft.expApi.getSaveEmailExpCSR3534.json' contains 1 feature(s)
]]></system-err>
  </testcase>
</testsuite>